Number of hardware threads available: 8
MyMethods::testCryptoFullBatchNAGwithG(
trainfile : ../data/Credit_train.csv
testfile  : ../data/Credit_test.csv
logQ = 275, logN = 16
slots = 32768, batch = 32
rnum = 27, cnum = 1
min-batch size = 1024, minBatchDimBits = 10
------------------
Start Scheme generating
Scheme generation time = 11732.3 ms
------------------
NOW THE PEAK RSS IS: 2699
------------------
Start Bootstrap Key generating
Bootstrap Key generated time = 2456.4 ms
------------------
NOW THE CURR RSS IS: 3917
NOW THE PEAK RSS IS: 3917
------------------
Start Polynomial generating...
Polynomial generation time = 3.887 ms
------------------
------------------
Start Encrypting encXyZdata...
encXyZdata encryption time = 5038.26 ms
------------------
------------------
Start Encrypting Binv...
Binv encryption time = 170.261 ms
------------------
------------------
Start Encrypting wData and vData...
wData and vData encryption time = 187.45 ms
------------------




scheme.leftRotKeyMap.size() = 34







min_lr = 1
max_lr = 2
total_steps = 81
exp_gamma = 2.5
len(Xminbatches) = rnum = 27





unsigned seed = chrono::system_clock::now().time_since_epoch().count();
unsigned seed = 1514188073
randr[]:  0 1 2 3 4 5 6 7 8 9 10 11 12 13 14 15 16 17 18 19 20 21 22 23 24 25 26
randr[]:  20 1 0 24 26 9 16 15 10 18 13 14 23 17 8 21 5 6 4 19 2 3 12 22 7 11 25
------------------
Start NesterovWithGminBatch : 1 -th iteration




encVData[0].logq = 275




INSIDE iter < 5;  poly3 = +0.5 -0.15012x +0.001593x^3 

gamma = 2



Quadratic Gradient: 
-1.861050	-0.595807	-0.421064	-0.418356	-0.429171	-0.418968	-0.294480	-0.298031	-0.308832	-0.314211	-0.319800	-0.324350	-0.416355	-0.407682	-0.415908	-0.415403	-0.406449	-0.416745	-0.520971	-0.529649	-0.514257	-0.505629	-0.503658	-0.503920	0.000000	0.000001	0.000000	-0.000000	-0.000001	-0.000000	-0.000000	0.000000	NesterovWithG : 1 -th iteration time = 68433.883000 ms
------------------

---------- TEST : THE 1-th ITERATION : Weights, AUC, MLE ----------
Current cWdata (encVData) : 
-0.018604886821,	-0.005966737405,	-0.004252061426,	-0.004224747151,	-0.004334235663,	-0.004231327766,	-0.002973028251,	-0.003010346756,	-0.003120537494,	-0.003172790462,	-0.003229520674,	-0.003275563897,	-0.004204898703,	-0.004116103497,	-0.004200051142,	-0.004195366911,	-0.004104990547,	-0.004208172107,	-0.005261819745,	-0.005349307862,	-0.005194009464,	-0.005106716087,	-0.005086808528,	-0.005088081140,	





TrainMLE : -18454.184211526222
TrainAUC : 0.461745109402
TrainACC : 77.897114921670

Test MLE : -2051.456071984180
Test AUC : 0.451990221106
Test ACC : 77.751834556371
 ----------------- end of the 1-th epoch ----------------- 
 ----------------- end of the 1-th iteration ----------------- 

--------------------------------------------------------------------------------




encVData[0].logq = 55



------------------
Start Use Bootstrap To Recrypt Ciphertext
Use Bootstrap To Recrypt Ciphertext time = 37025.436999999998 ms
------------------
--------------------------------------------------------------------------------


 !!! STOP 1 ITERATION !!! 





totalUpdatingWeightsTime = 68.428880956000
totalUpdatingWeights = 1.000000000000
totalRefreshingWeightsTime = 37.025430083000
totalBootstrappingOperations = 1.000000000000




------------------
Start NesterovWithGminBatch : 1 -th iteration




encVData[0].logq = 395




INSIDE iter < 5;  poly3 = +0.500000000000 -0.150120000000x +0.001593000000x^3 

gamma = 1.999983064912



Quadratic Gradient: 
-1.839601	-0.589946	-0.416177	-0.413440	-0.424310	-0.414073	-0.289666	-0.293234	-0.304017	-0.309395	-0.314993	-0.319527	-0.411485	-0.402791	-0.411021	-0.410528	-0.401574	-0.411873	-0.516017	-0.524670	-0.509286	-0.500663	-0.498687	-0.498950	0.000001	0.000001	0.000000	0.000000	-0.000000	0.000000	0.000000	0.000000	NesterovWithG : 1 -th iteration time = 69873.069000 ms
------------------

---------- TEST : THE 2-th ITERATION : Weights, AUC, MLE ----------
Current cWdata (encVData) : 
-1.843855546117,	-0.595735569649,	-0.420878274537,	-0.417958294736,	-0.428726739723,	-0.418459356203,	-0.292647420929,	-0.296152331897,	-0.307227808991,	-0.312698148422,	-0.318635850212,	-0.322817231526,	-0.415472195652,	-0.406978856497,	-0.415180570359,	-0.414879075939,	-0.405727037709,	-0.416144262605,	-0.520848869470,	-0.530360901393,	-0.514677765389,	-0.505710137601,	-0.503386094046,	-0.504546736029,	





TrainMLE : -22107.260371064189
TrainAUC : 0.462400564783
TrainACC : 77.897114921670

Test MLE : -2337.600221968273
Test AUC : 0.452329176467
Test ACC : 77.751834556371
 ----------------- end of the 1-th epoch ----------------- 
 ----------------- end of the 2-th iteration ----------------- 

--------------------------------------------------------------------------------




encVData[0].logq = 55



------------------
Start Use Bootstrap To Recrypt Ciphertext
Use Bootstrap To Recrypt Ciphertext time = 38176.154000000002 ms
------------------
--------------------------------------------------------------------------------


 !!! STOP 1 ITERATION !!! 





totalUpdatingWeightsTime = 138.284315646000
totalUpdatingWeights = 2.000000000000
totalRefreshingWeightsTime = 75.201578241000
totalBootstrappingOperations = 2.000000000000




------------------
Start NesterovWithGminBatch : 1 -th iteration




encVData[0].logq = 395




INSIDE iter < 5;  poly3 = +0.500000000000 -0.150120000000x +0.001593000000x^3 

gamma = 1.999904200677



Quadratic Gradient: 
0.125947	-0.048427	0.034399	0.041909	0.026255	0.039183	0.154976	0.149300	0.140719	0.135033	0.128521	0.125395	0.037886	0.046769	0.039814	0.039511	0.047003	0.038230	-0.062867	-0.070694	-0.054814	-0.046288	-0.043714	-0.044550	-0.000000	0.000000	0.000000	0.000001	0.000000	-0.000000	0.000001	0.000000	NesterovWithG : 1 -th iteration time = 67454.368000 ms
------------------

---------- TEST : THE 3-th ITERATION : Weights, AUC, MLE ----------
Current cWdata (encVData) : 
-0.266728101067,	-0.565708854548,	-0.377999919435,	-0.360909978865,	-0.397373487133,	-0.368044690206,	-0.094759777476,	-0.106185152790,	-0.125871734633,	-0.139226139749,	-0.154058816400,	-0.161455663611,	-0.367866548805,	-0.346202081049,	-0.364066887492,	-0.364697582958,	-0.346044727804,	-0.368076426601,	-0.601166755414,	-0.620092163158,	-0.585010837061,	-0.565237685392,	-0.559390870495,	-0.561831403760,	





TrainMLE : -14606.096803370383
TrainAUC : 0.520608326262
TrainACC : 77.897114921670

Test MLE : -1622.643434377355
Test AUC : 0.490753336331
Test ACC : 77.751834556371
 ----------------- end of the 1-th epoch ----------------- 
 ----------------- end of the 3-th iteration ----------------- 

--------------------------------------------------------------------------------




encVData[0].logq = 55



------------------
Start Use Bootstrap To Recrypt Ciphertext
Use Bootstrap To Recrypt Ciphertext time = 36543.591000000000 ms
------------------
--------------------------------------------------------------------------------


 !!! STOP 1 ITERATION !!! 





totalUpdatingWeightsTime = 205.729140383000
totalUpdatingWeights = 3.000000000000
totalRefreshingWeightsTime = 111.745163283000
totalBootstrappingOperations = 3.000000000000




------------------
Start NesterovWithGminBatch : 1 -th iteration




encVData[0].logq = 395




INSIDE iter < 5;  poly3 = +0.500000000000 -0.150120000000x +0.001593000000x^3 

gamma = 1.999736008107



Quadratic Gradient: 
-0.180401	-0.122653	-0.032875	-0.030809	-0.044695	-0.030946	0.078245	0.071309	0.062204	0.056627	0.050637	0.047600	-0.032524	-0.023511	-0.030833	-0.031053	-0.023128	-0.032384	-0.124629	-0.130444	-0.115054	-0.106570	-0.103634	-0.104248	-0.000001	0.000001	0.000001	-0.000000	0.000000	-0.000000	0.000000	-0.000001	NesterovWithG : 1 -th iteration time = 67666.805000 ms
------------------

---------- TEST : THE 4-th ITERATION : Weights, AUC, MLE ----------
Current cWdata (encVData) : 
-0.645314397668,	-0.736965606544,	-0.420192604741,	-0.400193935787,	-0.457726555806,	-0.407519787757,	0.037297322450,	0.015313085360,	-0.019556434969,	-0.041232057906,	-0.065058932804,	-0.077447132556,	-0.409295774681,	-0.373637118860,	-0.403032121864,	-0.403713986707,	-0.372661404248,	-0.409346236828,	-0.788324275704,	-0.816073337565,	-0.756613765692,	-0.723593329863,	-0.713787163783,	-0.715980046268,	





TrainMLE : -15255.917142281352
TrainAUC : 0.576264547069
TrainACC : 77.897114921670

Test MLE : -1654.778672672567
Test AUC : 0.532328430379
Test ACC : 77.751834556371
 ----------------- end of the 1-th epoch ----------------- 
 ----------------- end of the 4-th iteration ----------------- 

--------------------------------------------------------------------------------




encVData[0].logq = 55



------------------
Start Use Bootstrap To Recrypt Ciphertext
Use Bootstrap To Recrypt Ciphertext time = 36966.194000000003 ms
------------------
--------------------------------------------------------------------------------


 !!! STOP 1 ITERATION !!! 





totalUpdatingWeightsTime = 273.386563097000
totalUpdatingWeights = 4.000000000000
totalRefreshingWeightsTime = 148.711350001000
totalBootstrappingOperations = 4.000000000000




------------------
Start NesterovWithGminBatch : 1 -th iteration




encVData[0].logq = 395




INSIDE iter < 5;  poly3 = +0.500000000000 -0.150120000000x +0.001593000000x^3 

gamma = 1.999458077190



Quadratic Gradient: 
-0.090467	-0.088160	-0.009615	-0.010700	-0.023742	-0.008944	0.092180	0.083548	0.074350	0.068783	0.063094	0.060408	-0.012017	-0.003415	-0.010312	-0.010530	-0.002929	-0.011754	-0.097312	-0.101809	-0.086216	-0.077697	-0.074149	-0.074743	-0.000000	0.000001	0.000000	0.000000	-0.000001	0.000001	-0.000000	-0.000001	NesterovWithG : 1 -th iteration time = 67177.384000 ms
------------------

---------- TEST : THE 5-th ITERATION : Weights, AUC, MLE ----------
Current cWdata (encVData) : 
-0.592751293963,	-0.871133708560,	-0.441135983199,	-0.420259989147,	-0.502746566627,	-0.425115258032,	0.206742959608,	0.169679169418,	0.117566642346,	0.085280121306,	0.051814130895,	0.033244555501,	-0.433200434889,	-0.381427097749,	-0.422790494917,	-0.425249820161,	-0.379381026363,	-0.432730864865,	-0.969512268874,	-1.006342747810,	-0.918089260918,	-0.869854205859,	-0.853583633521,	-0.857702240497,	





TrainMLE : -14709.958717191734
TrainAUC : 0.625128492390
TrainACC : 77.897114921670

Test MLE : -1605.607546690421
Test AUC : 0.579841996634
Test ACC : 77.751834556371
 ----------------- end of the 1-th epoch ----------------- 
 ----------------- end of the 5-th iteration ----------------- 

--------------------------------------------------------------------------------




encVData[0].logq = 55



------------------
Start Use Bootstrap To Recrypt Ciphertext
Use Bootstrap To Recrypt Ciphertext time = 36583.192000000003 ms
------------------
--------------------------------------------------------------------------------


 !!! STOP 1 ITERATION !!! 





totalUpdatingWeightsTime = 340.556499799000
totalUpdatingWeights = 5.000000000000
totalRefreshingWeightsTime = 185.294535072000
totalBootstrappingOperations = 5.000000000000




------------------
Start NesterovWithGminBatch : 1 -th iteration




encVData[0].logq = 395




INSIDE iter < 5;  poly3 = +0.500000000000 -0.150120000000x +0.001593000000x^3 

gamma = 1.999053299811



Quadratic Gradient: 
-0.097362	-0.079556	-0.008769	-0.013599	-0.025412	-0.009618	0.082857	0.072457	0.063041	0.057512	0.052226	0.049866	-0.013982	-0.005707	-0.012339	-0.012529	-0.005107	-0.013678	-0.091603	-0.094795	-0.078920	-0.070348	-0.066096	-0.066603	-0.000000	0.000000	-0.000000	-0.000000	0.000001	0.000000	-0.000001	-0.000000	NesterovWithG : 1 -th iteration time = 67746.954000 ms
------------------

---------- TEST : THE 6-th ITERATION : Weights, AUC, MLE ----------
Current cWdata (encVData) : 
-0.653025513411,	-1.017133621997,	-0.461416545486,	-0.448206605271,	-0.556221998734,	-0.446685791824,	0.385946299068,	0.328593691191,	0.254855468539,	0.212054107198,	0.166947128609,	0.143216819515,	-0.462951380727,	-0.393429211447,	-0.448982365500,	-0.450809140289,	-0.390435398783,	-0.460814517424,	-1.167290515992,	-1.211080712476,	-1.089967853971,	-1.024087787980,	-0.999211692744,	-1.003975928795,	





TrainMLE : -14510.821267992435
TrainAUC : 0.654458248553
TrainACC : 77.897114921670

Test MLE : -1583.786468467517
Test AUC : 0.610198118444
Test ACC : 77.751834556371
 ----------------- end of the 1-th epoch ----------------- 
 ----------------- end of the 6-th iteration ----------------- 

--------------------------------------------------------------------------------




encVData[0].logq = 55



------------------
Start Use Bootstrap To Recrypt Ciphertext
Use Bootstrap To Recrypt Ciphertext time = 37603.286000000000 ms
------------------
--------------------------------------------------------------------------------


 !!! STOP 1 ITERATION !!! 





totalUpdatingWeightsTime = 408.292386680000
totalUpdatingWeights = 6.000000000000
totalRefreshingWeightsTime = 222.897813325000
totalBootstrappingOperations = 6.000000000000




------------------
Start NesterovWithGminBatch : 1 -th iteration




encVData[0].logq = 395




INSIDE iter < 5;  poly3 = +0.500000000000 -0.150120000000x +0.001593000000x^3 

gamma = 1.998506636340



Quadratic Gradient: 
-0.087956	-0.066232	-0.004340	-0.012558	-0.023130	-0.006404	0.077148	0.064944	0.055339	0.049849	0.044971	0.042960	-0.012084	-0.004164	-0.010502	-0.010665	-0.003466	-0.011736	-0.082463	-0.084793	-0.068302	-0.059607	-0.054473	-0.054865	-0.000001	0.000000	-0.000000	0.000000	0.000000	0.000000	-0.000000	-0.000002	NesterovWithG : 1 -th iteration time = 69898.336000 ms
------------------

---------- TEST : THE 7-th ITERATION : Weights, AUC, MLE ----------
Current cWdata (encVData) : 
-0.694084045382,	-1.157348504115,	-0.476154571451,	-0.477707848530,	-0.613216476350,	-0.464358566811,	0.576237261550,	0.491897634768,	0.394587569200,	0.339778502557,	0.282640900124,	0.254024116610,	-0.492174011094,	-0.402734716952,	-0.475542835401,	-0.476841728200,	-0.399319849471,	-0.490390760365,	-1.371269674083,	-1.422119030817,	-1.262867963232,	-1.176308181127,	-1.140265453637,	-1.145793389650,	





TrainMLE : -14268.902852246218
TrainAUC : 0.672553855113
TrainACC : 77.908225621273

Test MLE : -1561.797066129761
Test AUC : 0.627410876286
Test ACC : 77.651767845230
 ----------------- end of the 1-th epoch ----------------- 
 ----------------- end of the 7-th iteration ----------------- 

--------------------------------------------------------------------------------




encVData[0].logq = 55



------------------
Start Use Bootstrap To Recrypt Ciphertext
Use Bootstrap To Recrypt Ciphertext time = 38432.267000000000 ms
------------------
--------------------------------------------------------------------------------


 !!! STOP 1 ITERATION !!! 





totalUpdatingWeightsTime = 478.179564995000
totalUpdatingWeights = 7.000000000000
totalRefreshingWeightsTime = 261.330072720000
totalBootstrappingOperations = 7.000000000000




------------------
Start NesterovWithGminBatch : 1 -th iteration




encVData[0].logq = 395




INSIDE iter < 5;  poly3 = +0.500000000000 -0.150120000000x +0.001593000000x^3 

gamma = 1.997804504492



Quadratic Gradient: 
-0.082350	-0.054173	-0.001221	-0.012440	-0.021729	-0.004195	0.070419	0.056431	0.046655	0.041217	0.036761	0.035098	-0.011111	-0.003540	-0.009602	-0.009737	-0.002763	-0.010736	-0.074784	-0.076708	-0.059278	-0.050384	-0.044197	-0.044451	0.000001	-0.000000	0.000000	-0.000000	0.000000	0.000000	-0.000000	-0.000000	NesterovWithG : 1 -th iteration time = 70095.594000 ms
------------------

---------- TEST : THE 8-th ITERATION : Weights, AUC, MLE ----------
Current cWdata (encVData) : 
-0.742317605813,	-1.293013443249,	-0.485017456289,	-0.509773698624,	-0.672105686471,	-0.478990935328,	0.772404328435,	0.655247558292,	0.532417077672,	0.461959471789,	0.393220718495,	0.358910271168,	-0.524004459954,	-0.413846916511,	-0.500975782161,	-0.504770314840,	-0.407920664344,	-0.520099956051,	-1.581068223691,	-1.638294625991,	-1.434398619172,	-1.324487409660,	-1.274023655398,	-1.280543076500,	





TrainMLE : -14074.913352652769
TrainAUC : 0.683511223076
TrainACC : 77.974889818896

Test MLE : -1545.784917431268
Test AUC : 0.637309401927
Test ACC : 77.785190126751
 ----------------- end of the 1-th epoch ----------------- 
 ----------------- end of the 8-th iteration ----------------- 

--------------------------------------------------------------------------------




encVData[0].logq = 55



------------------
Start Use Bootstrap To Recrypt Ciphertext
Use Bootstrap To Recrypt Ciphertext time = 39650.468999999997 ms
------------------
--------------------------------------------------------------------------------


 !!! STOP 1 ITERATION !!! 





totalUpdatingWeightsTime = 548.259475441000
totalUpdatingWeights = 8.000000000000
totalRefreshingWeightsTime = 300.980535387000
totalBootstrappingOperations = 8.000000000000




------------------
Start NesterovWithGminBatch : 1 -th iteration




encVData[0].logq = 395




INSIDE iter < 5;  poly3 = +0.500000000000 -0.150120000000x +0.001593000000x^3 

gamma = 1.996934421650



Quadratic Gradient: 
-0.075697	-0.042307	0.001670	-0.011996	-0.020001	-0.001830	0.064101	0.048405	0.038499	0.033127	0.029090	0.027767	-0.009873	-0.002645	-0.008443	-0.008546	-0.001806	-0.009482	-0.067696	-0.069791	-0.051056	-0.041871	-0.034434	-0.034531	0.000001	-0.000000	0.000000	-0.000000	-0.000001	-0.000000	-0.000000	0.000001	NesterovWithG : 1 -th iteration time = 65685.240000 ms
------------------

---------- TEST : THE 9-th ITERATION : Weights, AUC, MLE ----------
Current cWdata (encVData) : 
-0.789344910391,	-1.418137430392,	-0.487899304856,	-0.544993180479,	-0.734199043681,	-0.490203856616,	0.972357310498,	0.814903312992,	0.662594749882,	0.577206184983,	0.496038577443,	0.457330350606,	-0.555714407800,	-0.423842142205,	-0.528495684379,	-0.532884252767,	-0.415028455273,	-0.549972153705,	-1.795094472517,	-1.858471166311,	-1.603539967289,	-1.467697833102,	-1.398271205885,	-1.405201057419,	





TrainMLE : -13912.965363422003
TrainAUC : 0.690346191272
TrainACC : 78.060071849191

Test MLE : -1534.701441082575
Test AUC : 0.643519295693
Test ACC : 78.085390260173
 ----------------- end of the 1-th epoch ----------------- 
 ----------------- end of the 9-th iteration ----------------- 

--------------------------------------------------------------------------------




encVData[0].logq = 55



------------------
Start Use Bootstrap To Recrypt Ciphertext
Use Bootstrap To Recrypt Ciphertext time = 37927.127000000000 ms
------------------
--------------------------------------------------------------------------------


 !!! STOP 1 ITERATION !!! 





totalUpdatingWeightsTime = 613.938341041000
totalUpdatingWeights = 9.000000000000
totalRefreshingWeightsTime = 338.907656206000
totalBootstrappingOperations = 9.000000000000




------------------
Start NesterovWithGminBatch : 1 -th iteration




encVData[0].logq = 395




INSIDE iter < 5;  poly3 = +0.500000000000 -0.150120000000x +0.001593000000x^3 

gamma = 1.995884773663



Quadratic Gradient: 
-0.069083	-0.031219	0.003997	-0.011492	-0.018234	0.000371	0.058074	0.040801	0.030806	0.025527	0.021897	0.020897	-0.008652	-0.001754	-0.007306	-0.007375	-0.000873	-0.008254	-0.061642	-0.064488	-0.044101	-0.034525	-0.025643	-0.025574	-0.000001	-0.000000	0.000000	0.000000	0.000000	0.000000	-0.000001	-0.000001	NesterovWithG : 1 -th iteration time = 66274.472000 ms
------------------

---------- TEST : THE 10-th ITERATION : Weights, AUC, MLE ----------
Current cWdata (encVData) : 
-0.836224798834,	-1.529751596049,	-0.483648207383,	-0.582672371445,	-0.796822897584,	-0.496253094798,	1.175915241043,	0.968646448180,	0.785098493654,	0.683145004453,	0.589429640907,	0.545477823383,	-0.585225425910,	-0.431705114259,	-0.555024592949,	-0.559581618339,	-0.421075375852,	-0.579462669972,	-2.010450885997,	-2.082952184954,	-1.767911648973,	-1.602824162715,	-1.509153369720,	-1.517331780643,	





TrainMLE : -13776.278319209741
TrainAUC : 0.694922190127
TrainACC : 78.152661012555

Test MLE : -1527.710419891857
Test AUC : 0.647533376169
Test ACC : 78.285523682455
 ----------------- end of the 1-th epoch ----------------- 
 ----------------- end of the 10-th iteration ----------------- 

--------------------------------------------------------------------------------




encVData[0].logq = 55



------------------
Start Use Bootstrap To Recrypt Ciphertext
Use Bootstrap To Recrypt Ciphertext time = 37708.707999999999 ms
------------------
--------------------------------------------------------------------------------


 !!! STOP 1 ITERATION !!! 





totalUpdatingWeightsTime = 680.208863391000
totalUpdatingWeights = 10.000000000000
totalRefreshingWeightsTime = 376.616357298000
totalBootstrappingOperations = 10.000000000000




------------------
Start NesterovWithGminBatch : 1 -th iteration




encVData[0].logq = 395




INSIDE iter < 5;  poly3 = +0.500000000000 -0.150120000000x +0.001593000000x^3 

gamma = 1.994644655015



Quadratic Gradient: 
-0.062516	-0.021053	0.005776	-0.010872	-0.016401	0.002415	0.052507	0.033819	0.023804	0.018631	0.015391	0.014689	-0.007418	-0.000834	-0.006160	-0.006191	0.000073	-0.007020	-0.056693	-0.060888	-0.038509	-0.028439	-0.017893	-0.017673	-0.000000	-0.000000	-0.000001	-0.000000	0.000001	-0.000000	0.000001	0.000002	NesterovWithG : 1 -th iteration time = 67991.865000 ms
------------------

---------- TEST : THE 11-th ITERATION : Weights, AUC, MLE ----------
Current cWdata (encVData) : 
-0.882713625507,	-1.625521515151,	-0.473647871397,	-0.621405170595,	-0.860756313082,	-0.497189130136,	1.380685651166,	1.114382100440,	0.896536847156,	0.776068076597,	0.670886076767,	0.622846345586,	-0.616070841873,	-0.437565303934,	-0.581466342143,	-0.584225654948,	-0.424090000134,	-0.609057740447,	-2.228910255172,	-2.312620124938,	-1.927964215490,	-1.730047595541,	-1.605547010743,	-1.615270179388,	





TrainMLE : -13670.366224668622
TrainAUC : 0.698185286583
TrainACC : 78.311914373542

Test MLE : -1524.356254016037
Test AUC : 0.650645076432
Test ACC : 78.552368245497
 ----------------- end of the 1-th epoch ----------------- 
 ----------------- end of the 11-th iteration ----------------- 

--------------------------------------------------------------------------------




encVData[0].logq = 55



------------------
Start Use Bootstrap To Recrypt Ciphertext
Use Bootstrap To Recrypt Ciphertext time = 36957.855000000003 ms
------------------
--------------------------------------------------------------------------------


 !!! STOP 1 ITERATION !!! 





totalUpdatingWeightsTime = 748.194944237000
totalUpdatingWeights = 11.000000000000
totalRefreshingWeightsTime = 413.574205940000
totalBootstrappingOperations = 11.000000000000




------------------
Start NesterovWithGminBatch : 1 -th iteration




encVData[0].logq = 395




INSIDE iter < 5;  poly3 = +0.500000000000 -0.150120000000x +0.001593000000x^3 

gamma = 1.993203752822



Quadratic Gradient: 
-0.056054	-0.011987	0.006975	-0.010175	-0.014550	0.004243	0.047454	0.027534	0.017549	0.012516	0.009647	0.009212	-0.006221	0.000061	-0.005046	-0.005039	0.000989	-0.005826	-0.052954	-0.059074	-0.034382	-0.023707	-0.011266	-0.010923	-0.000001	-0.000000	-0.000000	-0.000000	0.000000	0.000000	0.000000	-0.000001	NesterovWithG : 1 -th iteration time = 69239.301000 ms
------------------

---------- TEST : THE 12-th ITERATION : Weights, AUC, MLE ----------
Current cWdata (encVData) : 
-0.929475513730,	-1.704272247210,	-0.458408981337,	-0.660873468244,	-0.922653297663,	-0.491743057829,	1.583498662365,	1.252084175523,	0.996730153532,	0.858809161578,	0.740548849907,	0.689350573260,	-0.645246672543,	-0.442606406439,	-0.604593010306,	-0.608979842198,	-0.425054498704,	-0.636890409968,	-2.449281750506,	-2.550313001286,	-2.084667331182,	-1.849476684264,	-1.688356228720,	-1.695049880788,	





TrainMLE : -13585.830562105497
TrainAUC : 0.700651170974
TrainACC : 78.352653605422

Test MLE : -1523.553976371039
Test AUC : 0.653000398128
Test ACC : 78.652434956638
 ----------------- end of the 1-th epoch ----------------- 
 ----------------- end of the 12-th iteration ----------------- 

--------------------------------------------------------------------------------




encVData[0].logq = 55



------------------
Start Use Bootstrap To Recrypt Ciphertext
Use Bootstrap To Recrypt Ciphertext time = 38702.641000000003 ms
------------------
--------------------------------------------------------------------------------


 !!! STOP 1 ITERATION !!! 





totalUpdatingWeightsTime = 817.415028963000
totalUpdatingWeights = 12.000000000000
totalRefreshingWeightsTime = 452.276840354000
totalBootstrappingOperations = 12.000000000000




------------------
Start NesterovWithGminBatch : 1 -th iteration




encVData[0].logq = 395




INSIDE iter < 5;  poly3 = +0.500000000000 -0.150120000000x +0.001593000000x^3 

gamma = 1.991552259436



Quadratic Gradient: 
-0.049982	-0.004110	0.007607	-0.009429	-0.012722	0.005808	0.042923	0.021976	0.012087	0.007219	0.004695	0.004495	-0.005097	0.000900	-0.004006	-0.003955	0.001842	-0.004704	-0.050451	-0.059034	-0.031734	-0.020345	-0.005766	-0.005340	0.000002	-0.000000	-0.000000	-0.000000	0.000000	0.000000	0.000000	0.000000	NesterovWithG : 1 -th iteration time = 69779.800000 ms
------------------

---------- TEST : THE 13-th ITERATION : Weights, AUC, MLE ----------
Current cWdata (encVData) : 
-0.976449963582,	-1.764298831818,	-0.438025581961,	-0.701737155411,	-0.983794236700,	-0.480320665890,	1.784675362756,	1.379733082856,	1.085045021038,	0.925465626813,	0.796184898964,	0.742038047827,	-0.672618550780,	-0.444459859826,	-0.626226592268,	-0.631813431772,	-0.423860572323,	-0.661489556848,	-2.673712180706,	-2.798537719409,	-2.237567071924,	-1.962861648779,	-1.753880113592,	-1.761636140405,	





TrainMLE : -13522.226571832991
TrainAUC : 0.702684790682
TrainACC : 78.571164030962

Test MLE : -1524.386325485184
Test AUC : 0.655111311783
Test ACC : 78.952635090060
 ----------------- end of the 1-th epoch ----------------- 
 ----------------- end of the 13-th iteration ----------------- 

--------------------------------------------------------------------------------




encVData[0].logq = 55



------------------
Start Use Bootstrap To Recrypt Ciphertext
Use Bootstrap To Recrypt Ciphertext time = 38288.165000000001 ms
------------------
--------------------------------------------------------------------------------


 !!! STOP 1 ITERATION !!! 





totalUpdatingWeightsTime = 887.190310784000
totalUpdatingWeights = 13.000000000000
totalRefreshingWeightsTime = 490.564999709000
totalBootstrappingOperations = 13.000000000000




------------------
Start NesterovWithGminBatch : 1 -th iteration




encVData[0].logq = 395




INSIDE iter < 5;  poly3 = +0.500000000000 -0.150120000000x +0.001593000000x^3 

gamma = 1.989680804661



Quadratic Gradient: 
-0.044184	0.002562	0.007746	-0.008635	-0.010924	0.007110	0.038934	0.017172	0.007447	0.002766	0.000560	0.000561	-0.004050	0.001675	-0.003034	-0.002939	0.002628	-0.003657	-0.049204	-0.060788	-0.030567	-0.018335	-0.001336	-0.000886	0.000001	0.000000	-0.000000	-0.000000	0.000000	0.000000	0.000001	-0.000001	NesterovWithG : 1 -th iteration time = 68439.006000 ms
------------------

---------- TEST : THE 14-th ITERATION : Weights, AUC, MLE ----------
Current cWdata (encVData) : 
-1.022533234736,	-1.806939725749,	-0.412615422991,	-0.742451065320,	-1.043078865991,	-0.463338564942,	1.983457932917,	1.496627272866,	1.158859395377,	0.980078109617,	0.838198046882,	0.782253147904,	-0.697618642176,	-0.443512209183,	-0.647310293266,	-0.651579882540,	-0.418577083616,	-0.685623149360,	-2.905035702398,	-3.062411625024,	-2.393056760491,	-2.071225059182,	-1.806427387406,	-1.811133562599,	





TrainMLE : -13471.679813744980
TrainAUC : 0.704409157115
TrainACC : 78.774860190363

Test MLE : -1526.018499692346
Test AUC : 0.657131537192
Test ACC : 79.052701801201
 ----------------- end of the 1-th epoch ----------------- 
 ----------------- end of the 14-th iteration ----------------- 

--------------------------------------------------------------------------------




encVData[0].logq = 55



------------------
Start Use Bootstrap To Recrypt Ciphertext
Use Bootstrap To Recrypt Ciphertext time = 38985.400999999998 ms
------------------
--------------------------------------------------------------------------------


 !!! STOP 1 ITERATION !!! 





totalUpdatingWeightsTime = 955.623908370000
totalUpdatingWeights = 14.000000000000
totalRefreshingWeightsTime = 529.550394402000
totalBootstrappingOperations = 14.000000000000




------------------
Start NesterovWithGminBatch : 1 -th iteration




encVData[0].logq = 395




INSIDE iter < 5;  poly3 = +0.500000000000 -0.150120000000x +0.001593000000x^3 

gamma = 1.987580401907



Quadratic Gradient: 
-0.038921	0.008014	0.007435	-0.007838	-0.009207	0.008108	0.035437	0.013073	0.003568	-0.000895	-0.002809	-0.002641	-0.003123	0.002342	-0.002179	-0.002033	0.003311	-0.002724	-0.049246	-0.064375	-0.030905	-0.017681	0.002077	0.002480	-0.000001	0.000000	-0.000000	-0.000000	-0.000000	0.000000	-0.000001	-0.000000	NesterovWithG : 1 -th iteration time = 67935.420000 ms
------------------

---------- TEST : THE 15-th ITERATION : Weights, AUC, MLE ----------
Current cWdata (encVData) : 
-1.066345090143,	-1.832164234807,	-0.386322464090,	-0.782061144259,	-1.099593660794,	-0.440097254124,	2.179738722041,	1.601476296744,	1.221172102446,	1.020546612142,	0.868387487412,	0.810422874413,	-0.720601538294,	-0.439653467252,	-0.666358608261,	-0.669966765080,	-0.411288181147,	-0.707406217239,	-3.142661503708,	-3.346319953642,	-2.551436473659,	-2.177226580972,	-1.844489815668,	-1.848127720836,	





TrainMLE : -13430.762373424999
TrainAUC : 0.705895546944
TrainACC : 79.008184882041

Test MLE : -1527.959911900693
Test AUC : 0.658702180441
Test ACC : 78.985990660440
 ----------------- end of the 1-th epoch ----------------- 
 ----------------- end of the 15-th iteration ----------------- 

--------------------------------------------------------------------------------




encVData[0].logq = 55



------------------
Start Use Bootstrap To Recrypt Ciphertext
Use Bootstrap To Recrypt Ciphertext time = 39668.953999999998 ms
------------------
--------------------------------------------------------------------------------


 !!! STOP 1 ITERATION !!! 





totalUpdatingWeightsTime = 1023.541958022000
totalUpdatingWeights = 15.000000000000
totalRefreshingWeightsTime = 569.219341098000
totalBootstrappingOperations = 15.000000000000




------------------
Start NesterovWithGminBatch : 1 -th iteration




encVData[0].logq = 395




INSIDE iter < 5;  poly3 = +0.500000000000 -0.150120000000x +0.001593000000x^3 

gamma = 1.985242404564



Quadratic Gradient: 
-0.034089	0.012342	0.006794	-0.007011	-0.007551	0.008847	0.032446	0.009682	0.000454	-0.003769	-0.005415	-0.005111	-0.002286	0.002927	-0.001406	-0.001205	0.003918	-0.001873	-0.050601	-0.069868	-0.032753	-0.018345	0.004584	0.004861	0.000000	-0.000001	0.000000	-0.000000	-0.000000	0.000000	-0.000000	0.000001	NesterovWithG : 1 -th iteration time = 68983.411000 ms
------------------

---------- TEST : THE 16-th ITERATION : Weights, AUC, MLE ----------
Current cWdata (encVData) : 
-1.109351322202,	-1.838590336637,	-0.357451875464,	-0.823527679671,	-1.153478127824,	-0.411285454066,	2.373635636117,	1.696444190118,	1.270636333283,	1.048182489044,	0.883728860814,	0.826896592851,	-0.741814553121,	-0.433259377745,	-0.681961841190,	-0.685823792550,	-0.400166518157,	-0.726164000202,	-3.392975719686,	-3.657250780602,	-2.718125420780,	-2.285408644073,	-1.868838935470,	-1.871955528045,	





TrainMLE : -13397.162614566725
TrainAUC : 0.707268700315
TrainACC : 79.182252509166

Test MLE : -1529.571529086688
Test AUC : 0.660429116201
Test ACC : 78.885923949300
 ----------------- end of the 1-th epoch ----------------- 
 ----------------- end of the 16-th iteration ----------------- 

--------------------------------------------------------------------------------




encVData[0].logq = 55



------------------
Start Use Bootstrap To Recrypt Ciphertext
Use Bootstrap To Recrypt Ciphertext time = 37522.976999999999 ms
------------------
--------------------------------------------------------------------------------


 !!! STOP 1 ITERATION !!! 





totalUpdatingWeightsTime = 1092.519927816000
totalUpdatingWeights = 16.000000000000
totalRefreshingWeightsTime = 606.742312139000
totalBootstrappingOperations = 16.000000000000




------------------
Start NesterovWithGminBatch : 1 -th iteration




encVData[0].logq = 395




INSIDE iter < 5;  poly3 = +0.500000000000 -0.150120000000x +0.001593000000x^3 

gamma = 1.982658470084



Quadratic Gradient: 
-0.029733	0.015582	0.005882	-0.006199	-0.005998	0.009298	0.029873	0.006909	-0.001986	-0.005953	-0.007357	-0.006947	-0.001580	0.003387	-0.000757	-0.000496	0.004411	-0.001143	-0.053439	-0.077548	-0.036267	-0.020427	0.006240	0.006288	-0.000000	-0.000001	-0.000000	0.000000	-0.000000	-0.000000	-0.000001	-0.000001	NesterovWithG : 1 -th iteration time = 67040.604000 ms
------------------

---------- TEST : THE 17-th ITERATION : Weights, AUC, MLE ----------
Current cWdata (encVData) : 
-1.151151219766,	-1.828755886741,	-0.327388745149,	-0.862447476823,	-1.202382649914,	-0.378421754437,	2.563759029090,	1.780873106500,	1.308188908070,	1.063869261990,	0.889014513243,	0.832571639494,	-0.759840629141,	-0.424059712491,	-0.695692641948,	-0.698225807938,	-0.386571680747,	-0.743058129770,	-3.659182647795,	-4.003130053093,	-2.896783775192,	-2.397219311164,	-1.882082382461,	-1.883743761269,	





TrainMLE : -13365.370740644030
TrainAUC : 0.708508350340
TrainACC : 79.378541535499

Test MLE : -1530.702354472081
Test AUC : 0.662327780769
Test ACC : 78.819212808539
 ----------------- end of the 1-th epoch ----------------- 
 ----------------- end of the 17-th iteration ----------------- 

--------------------------------------------------------------------------------




encVData[0].logq = 55



------------------
Start Use Bootstrap To Recrypt Ciphertext
Use Bootstrap To Recrypt Ciphertext time = 37847.160000000003 ms
------------------
--------------------------------------------------------------------------------


 !!! STOP 1 ITERATION !!! 





totalUpdatingWeightsTime = 1159.548310409000
totalUpdatingWeights = 17.000000000000
totalRefreshingWeightsTime = 644.589465261000
totalBootstrappingOperations = 17.000000000000




------------------
Start NesterovWithGminBatch : 1 -th iteration




encVData[0].logq = 395




INSIDE iter < 5;  poly3 = +0.500000000000 -0.150120000000x +0.001593000000x^3 

gamma = 1.979820529970



Quadratic Gradient: 
-0.025673	0.017825	0.004800	-0.005403	-0.004553	0.009488	0.027683	0.004704	-0.003816	-0.007506	-0.008686	-0.008202	-0.000995	0.003727	-0.000227	0.000106	0.004794	-0.000525	-0.057976	-0.087837	-0.041665	-0.024048	0.007103	0.006822	0.000000	0.000000	-0.000000	0.000000	-0.000001	0.000000	-0.000001	-0.000000	NesterovWithG : 1 -th iteration time = 67228.385000 ms
------------------

---------- TEST : THE 18-th ITERATION : Weights, AUC, MLE ----------
Current cWdata (encVData) : 
-1.191025008540,	-1.803687505759,	-0.298052770874,	-0.900643267473,	-1.248978719352,	-0.340343688198,	2.751507527305,	1.854092933152,	1.334877197487,	1.068047487318,	0.883457769202,	0.827349705806,	-0.775301679321,	-0.411832986617,	-0.706833448602,	-0.708055758076,	-0.369675890577,	-0.756135282981,	-3.947377066483,	-4.393756934418,	-3.095747649465,	-2.520617634991,	-1.885067096978,	-1.886579810917,	





TrainMLE : -13336.737727988486
TrainAUC : 0.709687884824
TrainACC : 79.537794896485

Test MLE : -1531.146190107240
Test AUC : 0.664219370366
Test ACC : 78.852568378919
 ----------------- end of the 1-th epoch ----------------- 
 ----------------- end of the 18-th iteration ----------------- 

--------------------------------------------------------------------------------




encVData[0].logq = 55



------------------
Start Use Bootstrap To Recrypt Ciphertext
Use Bootstrap To Recrypt Ciphertext time = 38474.843999999997 ms
------------------
--------------------------------------------------------------------------------


 !!! STOP 1 ITERATION !!! 





totalUpdatingWeightsTime = 1226.765344889000
totalUpdatingWeights = 18.000000000000
totalRefreshingWeightsTime = 683.064302704000
totalBootstrappingOperations = 18.000000000000




------------------
Start NesterovWithGminBatch : 1 -th iteration




encVData[0].logq = 395




INSIDE iter < 5;  poly3 = +0.500000000000 -0.150120000000x +0.001593000000x^3 

gamma = 1.976720764405



Quadratic Gradient: 
-0.022481	0.019186	0.003623	-0.004633	-0.003229	0.009429	0.025817	0.002987	-0.005108	-0.008507	-0.009484	-0.008949	-0.000532	0.003942	0.000181	0.000594	0.005066	-0.000024	-0.064605	-0.101424	-0.049342	-0.029470	0.007229	0.006490	-0.000002	-0.000001	0.000000	-0.000000	-0.000000	-0.000000	-0.000000	-0.000000	NesterovWithG : 1 -th iteration time = 67735.932000 ms
------------------

---------- TEST : THE 19-th ITERATION : Weights, AUC, MLE ----------
Current cWdata (encVData) : 
-1.230582544860,	-1.766061125489,	-0.269912953725,	-0.936831523562,	-1.288794530063,	-0.296923819343,	2.936772790631,	1.919483205551,	1.351449544184,	1.062137693066,	0.869583208579,	0.812671135922,	-0.790614785296,	-0.398585307008,	-0.715538824797,	-0.717430864643,	-0.349677441121,	-0.768649042241,	-4.263967054894,	-4.841287029618,	-3.321076390445,	-2.659691882893,	-1.881284380633,	-1.883793968892,	





TrainMLE : -13311.295289736217
TrainAUC : 0.710819110184
TrainACC : 79.671123291730

Test MLE : -1531.042425697457
Test AUC : 0.666264679758
Test ACC : 78.785857238159
 ----------------- end of the 1-th epoch ----------------- 
 ----------------- end of the 19-th iteration ----------------- 

--------------------------------------------------------------------------------




encVData[0].logq = 55



------------------
Start Use Bootstrap To Recrypt Ciphertext
Use Bootstrap To Recrypt Ciphertext time = 38216.987999999998 ms
------------------
--------------------------------------------------------------------------------


 !!! STOP 1 ITERATION !!! 





totalUpdatingWeightsTime = 1294.484363140000
totalUpdatingWeights = 19.000000000000
totalRefreshingWeightsTime = 721.281284000000
totalBootstrappingOperations = 19.000000000000




------------------
Start NesterovWithGminBatch : 1 -th iteration




encVData[0].logq = 395




INSIDE iter < 5;  poly3 = +0.500000000000 -0.150120000000x +0.001593000000x^3 

gamma = 1.973351580575



Quadratic Gradient: 
-0.019692	0.019736	0.002403	-0.003914	-0.002058	0.009123	0.024207	0.001676	-0.005961	-0.009056	-0.009844	-0.009287	-0.000207	0.004019	0.000444	0.000952	0.005204	0.000341	-0.073988	-0.119488	-0.059998	-0.037169	0.006602	0.005256	-0.000001	-0.000001	-0.000000	-0.000000	0.000000	0.000000	0.000000	0.000001	NesterovWithG : 1 -th iteration time = 63433.120000 ms
------------------

---------- TEST : THE 20-th ITERATION : Weights, AUC, MLE ----------
Current cWdata (encVData) : 
-1.269191811841,	-1.715859661975,	-0.244950402412,	-0.971460415738,	-1.325503805596,	-0.251542975603,	3.120200818307,	1.977249806721,	1.358732347457,	1.047820524668,	0.845980449590,	0.791019238081,	-0.802902525690,	-0.381032889444,	-0.722734903415,	-0.722626739978,	-0.326821463569,	-0.777626818458,	-4.621447700840,	-5.362701905577,	-3.585748566448,	-2.823806598861,	-1.871721000422,	-1.876331991791,	





TrainMLE : -13288.292894451870
TrainAUC : 0.711939054918
TrainACC : 79.752601755491

Test MLE : -1530.408910037569
Test AUC : 0.668398104680
Test ACC : 78.819212808539
 ----------------- end of the 1-th epoch ----------------- 
 ----------------- end of the 20-th iteration ----------------- 

--------------------------------------------------------------------------------




encVData[0].logq = 55



------------------
Start Use Bootstrap To Recrypt Ciphertext
Use Bootstrap To Recrypt Ciphertext time = 35728.909000000000 ms
------------------
--------------------------------------------------------------------------------


 !!! STOP 1 ITERATION !!! 





totalUpdatingWeightsTime = 1357.902020667000
totalUpdatingWeights = 20.000000000000
totalRefreshingWeightsTime = 757.010186725000
totalBootstrappingOperations = 20.000000000000




------------------
Start NesterovWithGminBatch : 1 -th iteration




encVData[0].logq = 395




INSIDE iter < 5;  poly3 = +0.500000000000 -0.150120000000x +0.001593000000x^3 

gamma = 1.969705593964



Quadratic Gradient: 
-0.017033	0.019660	0.001264	-0.003177	-0.000974	0.008669	0.022878	0.000782	-0.006369	-0.009145	-0.009760	-0.009206	0.000059	0.004023	0.000631	0.001257	0.005276	0.000642	-0.087113	-0.143778	-0.074672	-0.047862	0.005247	0.003087	0.000002	0.000001	0.000001	0.000000	0.000001	-0.000000	-0.000001	-0.000000	NesterovWithG : 1 -th iteration time = 64831.033000 ms
------------------

---------- TEST : THE 21-th ITERATION : Weights, AUC, MLE ----------
Current cWdata (encVData) : 
-1.304290082331,	-1.655597117162,	-0.223007044932,	-1.005200232598,	-1.357047592261,	-0.204466912192,	3.300811532838,	2.026276979549,	1.359463081219,	1.026731003387,	0.816189122399,	0.763958261727,	-0.812647567630,	-0.363193193351,	-0.727929420425,	-0.725537443379,	-0.302689196188,	-0.784473429386,	-5.028613767587,	-5.981916523679,	-3.904171236140,	-3.023924048940,	-1.858222196966,	-1.868483870298,	





TrainMLE : -13263.908337035124
TrainAUC : 0.713033490778
TrainACC : 79.863708751528

Test MLE : -1529.565274916507
Test AUC : 0.670745065048
Test ACC : 78.719146097398
 ----------------- end of the 1-th epoch ----------------- 
 ----------------- end of the 21-th iteration ----------------- 

--------------------------------------------------------------------------------




encVData[0].logq = 55



------------------
Start Use Bootstrap To Recrypt Ciphertext
Use Bootstrap To Recrypt Ciphertext time = 35856.421999999999 ms
------------------
--------------------------------------------------------------------------------


 !!! STOP 1 ITERATION !!! 





totalUpdatingWeightsTime = 1422.729104949000
totalUpdatingWeights = 21.000000000000
totalRefreshingWeightsTime = 792.866602459000
totalBootstrappingOperations = 21.000000000000




------------------
Start NesterovWithGminBatch : 1 -th iteration




encVData[0].logq = 395




INSIDE iter < 5;  poly3 = +0.500000000000 -0.150120000000x +0.001593000000x^3 

gamma = 1.965775612094



Quadratic Gradient: 
-0.014737	0.019026	0.000225	-0.002448	-0.000025	0.008062	0.021755	0.000207	-0.006436	-0.008880	-0.009332	-0.008813	0.000247	0.003924	0.000706	0.001474	0.005248	0.000844	-0.105815	-0.177430	-0.095300	-0.062939	0.003011	-0.000259	0.000000	0.000000	0.000000	-0.000000	-0.000001	-0.000000	-0.000000	0.000001	NesterovWithG : 1 -th iteration time = 63907.905000 ms
------------------

---------- TEST : THE 22-th ITERATION : Weights, AUC, MLE ----------
Current cWdata (encVData) : 
-1.337901223438,	-1.587759447660,	-0.203502577744,	-1.034495135400,	-1.384412530541,	-0.153779821472,	3.479476271693,	2.069972050870,	1.351590195679,	0.997947249075,	0.782182035399,	0.730919664620,	-0.821246294228,	-0.342506280379,	-0.732037381194,	-0.726687679174,	-0.275452879389,	-0.790575846351,	-5.509005006160,	-6.729420398748,	-4.294138138850,	-3.274295594705,	-1.846422996101,	-1.865441630593,	





TrainMLE : -13240.185993167775
TrainAUC : 0.714129583679
TrainACC : 79.885930150735

Test MLE : -1528.668675759979
Test AUC : 0.673056007389
Test ACC : 78.852568378919
 ----------------- end of the 1-th epoch ----------------- 
 ----------------- end of the 22-th iteration ----------------- 

--------------------------------------------------------------------------------




encVData[0].logq = 55



------------------
Start Use Bootstrap To Recrypt Ciphertext
Use Bootstrap To Recrypt Ciphertext time = 35781.374000000003 ms
------------------
--------------------------------------------------------------------------------


 !!! STOP 1 ITERATION !!! 





totalUpdatingWeightsTime = 1486.622239720000
totalUpdatingWeights = 22.000000000000
totalRefreshingWeightsTime = 828.647968875000
totalBootstrappingOperations = 22.000000000000




------------------
Start NesterovWithGminBatch : 1 -th iteration




encVData[0].logq = 395




INSIDE iter < 5;  poly3 = +0.500000000000 -0.150120000000x +0.001593000000x^3 

gamma = 1.961554620269



Quadratic Gradient: 
-0.012235	0.017985	-0.000627	-0.001673	0.000829	0.007377	0.020861	-0.000047	-0.006161	-0.008275	-0.008569	-0.008124	0.000414	0.003770	0.000700	0.001655	0.005143	0.000991	-0.133109	-0.225646	-0.125106	-0.084710	-0.000331	-0.005169	-0.000001	-0.000000	0.000000	-0.000000	-0.000000	-0.000000	0.000002	-0.000001	NesterovWithG : 1 -th iteration time = 68971.437000 ms
------------------

---------- TEST : THE 23-th ITERATION : Weights, AUC, MLE ----------
Current cWdata (encVData) : 
-1.370370653803,	-1.514373200655,	-0.189545716550,	-1.062536101093,	-1.406698770938,	-0.104650386992,	3.657195711952,	2.106852177943,	1.340459593400,	0.966540706711,	0.743162716306,	0.694484197310,	-0.827573107252,	-0.322388118538,	-0.735014643927,	-0.725649299375,	-0.246598030048,	-0.794242712820,	-6.088300593224,	-7.656049793248,	-4.791180790496,	-3.599761512338,	-1.839205257040,	-1.873259440855,	





TrainMLE : -13222.257889070908
TrainAUC : 0.715241912396
TrainACC : 79.948890781823

Test MLE : -1528.339873120642
Test AUC : 0.675474360632
Test ACC : 78.785857238159
 ----------------- end of the 1-th epoch ----------------- 
 ----------------- end of the 23-th iteration ----------------- 

--------------------------------------------------------------------------------




encVData[0].logq = 55



------------------
Start Use Bootstrap To Recrypt Ciphertext
Use Bootstrap To Recrypt Ciphertext time = 37683.125999999997 ms
------------------
--------------------------------------------------------------------------------


 !!! STOP 1 ITERATION !!! 





totalUpdatingWeightsTime = 1555.580740861000
totalUpdatingWeights = 23.000000000000
totalRefreshingWeightsTime = 866.331088620000
totalBootstrappingOperations = 23.000000000000




------------------
Start NesterovWithGminBatch : 1 -th iteration




encVData[0].logq = 395




INSIDE iter < 5;  poly3 = +0.500000000000 -0.150120000000x +0.001593000000x^3 

gamma = 1.957035769008



Quadratic Gradient: 
-0.010916	0.016428	-0.001463	-0.000995	0.001396	0.006478	0.020010	-0.000187	-0.005770	-0.007539	-0.007678	-0.007365	0.000412	0.003381	0.000418	0.001630	0.004771	0.000898	-0.174695	-0.297916	-0.170153	-0.117636	-0.005444	-0.012627	-0.000002	-0.000000	-0.000000	-0.000000	0.000001	-0.000000	-0.000000	-0.000000	NesterovWithG : 1 -th iteration time = 66829.800000 ms
------------------

---------- TEST : THE 24-th ITERATION : Weights, AUC, MLE ----------
Current cWdata (encVData) : 
-1.402682155340,	-1.436139717606,	-0.178818497829,	-1.087359492374,	-1.424074512232,	-0.054786441106,	3.833584993185,	2.139559820675,	1.325058036013,	0.931853079889,	0.701615579115,	0.654741416335,	-0.833467114162,	-0.300337824417,	-0.737413155101,	-0.722657497697,	-0.216588587325,	-0.797249811842,	-6.813047001391,	-8.838580967182,	-5.440262248087,	-4.034740497221,	-1.843346646190,	-1.898164908338,	





TrainMLE : -13209.915829872813
TrainAUC : 0.716375758750
TrainACC : 79.941483648754

Test MLE : -1529.091844352749
Test AUC : 0.678050292743
Test ACC : 78.885923949300
 ----------------- end of the 1-th epoch ----------------- 
 ----------------- end of the 24-th iteration ----------------- 

--------------------------------------------------------------------------------




encVData[0].logq = 55



------------------
Start Use Bootstrap To Recrypt Ciphertext
Use Bootstrap To Recrypt Ciphertext time = 37722.203999999998 ms
------------------
--------------------------------------------------------------------------------


 !!! STOP 1 ITERATION !!! 





totalUpdatingWeightsTime = 1622.396128645000
totalUpdatingWeights = 24.000000000000
totalRefreshingWeightsTime = 904.053284761000
totalBootstrappingOperations = 24.000000000000




------------------
Start NesterovWithGminBatch : 1 -th iteration




encVData[0].logq = 395




INSIDE iter < 5;  poly3 = +0.500000000000 -0.150120000000x +0.001593000000x^3 

gamma = 1.952212362890



Quadratic Gradient: 
-0.009134	0.014548	-0.002124	-0.000175	0.001811	0.005575	0.019418	-0.000006	-0.005065	-0.006480	-0.006465	-0.006381	0.000442	0.002899	-0.000031	0.001552	0.004220	0.000701	-0.241324	-0.412442	-0.241939	-0.170117	-0.013326	-0.024279	0.000002	-0.000001	-0.000000	0.000000	-0.000000	-0.000000	-0.000002	0.000002	NesterovWithG : 1 -th iteration time = 63712.787000 ms
------------------

---------- TEST : THE 25-th ITERATION : Weights, AUC, MLE ----------
Current cWdata (encVData) : 
-1.431110769387,	-1.355707607680,	-0.171792597307,	-1.109921846985,	-1.438019416152,	-0.005478487076,	4.009828940090,	2.169379708385,	1.306812321883,	0.895372534781,	0.661545135974,	0.615119798042,	-0.837257339387,	-0.277811170147,	-0.740175740423,	-0.719395441595,	-0.186097311386,	-0.798564779341,	-7.757635594824,	-10.405055966215,	-6.323911582640,	-4.637934686771,	-1.865554597226,	-1.954767561896,	





TrainMLE : -13200.333406069674
TrainAUC : 0.717548449972
TrainACC : 79.989630013703

Test MLE : -1532.072836295493
Test AUC : 0.680490514074
Test ACC : 78.919279519680
 ----------------- end of the 1-th epoch ----------------- 
 ----------------- end of the 25-th iteration ----------------- 

--------------------------------------------------------------------------------




encVData[0].logq = 55



------------------
Start Use Bootstrap To Recrypt Ciphertext
Use Bootstrap To Recrypt Ciphertext time = 35350.044999999998 ms
------------------
--------------------------------------------------------------------------------


 !!! STOP 1 ITERATION !!! 





totalUpdatingWeightsTime = 1686.104279856000
totalUpdatingWeights = 25.000000000000
totalRefreshingWeightsTime = 939.403323114000
totalBootstrappingOperations = 25.000000000000




------------------
Start NesterovWithGminBatch : 1 -th iteration




encVData[0].logq = 395




INSIDE iter < 5;  poly3 = +0.500000000000 -0.150120000000x +0.001593000000x^3 

gamma = 1.947077850599



Quadratic Gradient: 
-0.007413	0.012110	-0.002771	0.000806	0.001880	0.004584	0.019100	0.000486	-0.004083	-0.005135	-0.004960	-0.005292	0.000420	0.002097	-0.000923	0.001249	0.003172	0.000184	-0.356296	-0.608059	-0.365424	-0.260559	-0.026601	-0.044184	-0.000000	0.000000	0.000000	-0.000000	-0.000000	0.000000	-0.000000	0.000000	NesterovWithG : 1 -th iteration time = 63873.888000 ms
------------------

---------- TEST : THE 26-th ITERATION : Weights, AUC, MLE ----------
Current cWdata (encVData) : 
-1.459690684171,	-1.276721653142,	-0.168660175988,	-1.126483802693,	-1.449390396195,	0.042713225796,	4.185817647159,	2.196532096319,	1.287119969869,	0.858027388866,	0.620029014716,	0.574368065010,	-0.840616342803,	-0.256236932846,	-0.744613957705,	-0.715036508740,	-0.156657549673,	-0.800100896645,	-9.060946219184,	-12.586487848174,	-7.588457521753,	-5.517835497533,	-1.925933187864,	-2.068457595263,	





TrainMLE : -13210.251420564493
TrainAUC : 0.718840830552
TrainACC : 80.008147846376

Test MLE : -1539.256346377159
Test AUC : 0.682930092225
Test ACC : 78.985990660440
 ----------------- end of the 1-th epoch ----------------- 
 ----------------- end of the 26-th iteration ----------------- 

--------------------------------------------------------------------------------




encVData[0].logq = 55



------------------
Start Use Bootstrap To Recrypt Ciphertext
Use Bootstrap To Recrypt Ciphertext time = 37498.400999999998 ms
------------------
--------------------------------------------------------------------------------


 !!! STOP 1 ITERATION !!! 





totalUpdatingWeightsTime = 1749.973953796000
totalUpdatingWeights = 26.000000000000
totalRefreshingWeightsTime = 976.901716774000
totalBootstrappingOperations = 26.000000000000




------------------
Start NesterovWithGminBatch : 1 -th iteration




encVData[0].logq = 395




INSIDE iter < 5;  poly3 = +0.500000000000 -0.150120000000x +0.001593000000x^3 

gamma = 1.941625815997



Quadratic Gradient: 
-0.005737	0.008415	-0.003691	0.002116	0.001249	0.003369	0.019255	0.001472	-0.002686	-0.003358	-0.003022	-0.004177	0.000215	0.000503	-0.002824	0.000375	0.000914	-0.001090	-0.575399	-0.977221	-0.600451	-0.433312	-0.051604	-0.082264	0.000001	-0.000001	0.000000	0.000000	-0.000000	-0.000001	-0.000001	-0.000002	NesterovWithG : 1 -th iteration time = 68538.816000 ms
------------------

---------- TEST : THE 27-th ITERATION : Weights, AUC, MLE ----------
Current cWdata (encVData) : 
-1.484189898443,	-1.200959111800,	-0.170693572274,	-1.139244389077,	-1.457048503848,	0.087228295832,	4.364080187842,	2.223749166884,	1.268060995267,	0.824505628047,	0.581730852164,	0.534398238535,	-0.844186078031,	-0.239393307620,	-0.751589362346,	-0.712167697117,	-0.131133947112,	-0.804016878355,	-11.002585796643,	-15.851880793842,	-9.534972254463,	-6.896223348613,	-2.052842415498,	-2.285869181445,	





TrainMLE : -13248.252735530799
TrainAUC : 0.720253505949
TrainACC : 80.026665679049

Test MLE : -1555.133253950195
Test AUC : 0.684971542543
Test ACC : 79.086057371581
 ----------------- end of the 1-th epoch ----------------- 
 ----------------- end of the 27-th iteration ----------------- 

--------------------------------------------------------------------------------




encVData[0].logq = 55



------------------
Start Use Bootstrap To Recrypt Ciphertext
Use Bootstrap To Recrypt Ciphertext time = 39140.991000000002 ms
------------------
--------------------------------------------------------------------------------


 !!! STOP 1 ITERATION !!! 





totalUpdatingWeightsTime = 1818.494462735000
totalUpdatingWeights = 27.000000000000
totalRefreshingWeightsTime = 1016.042700340000
totalBootstrappingOperations = 27.000000000000




randr[]:  0 1 2 3 4 5 6 7 8 9 10 11 12 13 14 15 16 17 18 19 20 21 22 23 24 25 26
randr[]:  20 1 0 24 26 9 16 15 10 18 13 14 23 17 8 21 5 6 4 19 2 3 12 22 7 11 25
------------------
Start NesterovWithGminBatch : 2 -th iteration




encVData[0].logq = 395




INSIDE iter < 5;  poly3 = +0.500000000000 -0.150120000000x +0.001593000000x^3 

gamma = 1.935849970090



Quadratic Gradient: 
-0.005598	0.000787	-0.005924	0.004007	-0.001351	0.001216	0.020326	0.003379	-0.000600	-0.000861	-0.000375	-0.003401	-0.000875	-0.003632	-0.007677	-0.002407	-0.004987	-0.004701	-1.058380	-1.782696	-1.118638	-0.816047	-0.106861	-0.167768	-0.000001	-0.000000	0.000000	-0.000000	-0.000001	-0.000000	-0.000000	0.000000	NesterovWithG : 2 -th iteration time = 67049.325000 ms
------------------

---------- TEST : THE 28-th ITERATION : Weights, AUC, MLE ----------
Current cWdata (encVData) : 
-1.508930028557,	-1.140626363053,	-0.179947500974,	-1.144129631428,	-1.468367039212,	0.128337413285,	4.544726742496,	2.253021884825,	1.253327296552,	0.794504648349,	0.550132461882,	0.498320149516,	-0.848986702344,	-0.230585363334,	-0.770716053324,	-0.713640957137,	-0.117901279461,	-0.815786473872,	-14.242877128817,	-21.300470505042,	-12.870753851796,	-9.297962127420,	-2.324592155155,	-2.726258885200,	





TrainMLE : -13377.290380080698
TrainAUC : 0.721882799645
TrainACC : 79.971112181030

Test MLE : -1592.506877592849
Test AUC : 0.686248896144
Test ACC : 79.419613075384
 ----------------- end of the 2-th epoch ----------------- 
 ----------------- end of the 1-th iteration ----------------- 

--------------------------------------------------------------------------------




encVData[0].logq = 55



------------------
Start Use Bootstrap To Recrypt Ciphertext
Use Bootstrap To Recrypt Ciphertext time = 37334.974000000002 ms
------------------
--------------------------------------------------------------------------------


 !!! STOP 2 ITERATION !!! 





totalUpdatingWeightsTime = 1885.532704715000
totalUpdatingWeights = 28.000000000000
totalRefreshingWeightsTime = 1053.377668294000
totalBootstrappingOperations = 28.000000000000




------------------
Start NesterovWithGminBatch : 2 -th iteration




encVData[0].logq = 395




INSIDE iter < 5;  poly3 = +0.500000000000 -0.150120000000x +0.001593000000x^3 

gamma = 1.929744143749



Quadratic Gradient: 
-0.017252	-0.022775	-0.014253	0.006388	-0.011633	-0.005697	0.023058	0.006965	0.002390	0.002615	0.003128	-0.005214	-0.006736	-0.018117	-0.023745	-0.013281	-0.024907	-0.017669	-2.389668	-3.979004	-2.548826	-1.878567	-0.261391	-0.410401	0.000001	-0.000000	-0.000000	-0.000000	-0.000000	0.000000	-0.000000	0.000000	NesterovWithG : 2 -th iteration time = 67314.113000 ms
------------------

---------- TEST : THE 29-th ITERATION : Weights, AUC, MLE ----------
Current cWdata (encVData) : 
-1.556918537363,	-1.125762646256,	-0.211295111113,	-1.141419154107,	-1.500774372773,	0.152668092101,	4.733858596357,	2.290705194437,	1.243406413775,	0.772928697198,	0.526833132114,	0.455861880072,	-0.864821948479,	-0.253668927751,	-0.826460734199,	-0.738363045764,	-0.150674326748,	-0.855280972714,	-20.765023310386,	-32.189041873687,	-19.729686013479,	-14.308170763269,	-2.969516506291,	-3.754362203377,	





TrainMLE : -13895.266527176827
TrainAUC : 0.723584931454
TrainACC : 79.671123291730

Test MLE : -1704.330101424130
Test AUC : 0.686045008384
Test ACC : 79.386257505003
 ----------------- end of the 2-th epoch ----------------- 
 ----------------- end of the 2-th iteration ----------------- 

--------------------------------------------------------------------------------




encVData[0].logq = 55



------------------
Start Use Bootstrap To Recrypt Ciphertext
Use Bootstrap To Recrypt Ciphertext time = 37091.978999999999 ms
------------------
--------------------------------------------------------------------------------


 !!! STOP 2 ITERATION !!! 





totalUpdatingWeightsTime = 1952.836006616000
totalUpdatingWeights = 29.000000000000
totalRefreshingWeightsTime = 1090.469639967000
totalBootstrappingOperations = 29.000000000000




------------------
Start NesterovWithGminBatch : 2 -th iteration




encVData[0].logq = 395




INSIDE iter < 5;  poly3 = +0.500000000000 -0.150120000000x +0.001593000000x^3 

gamma = 1.923302281109



Quadratic Gradient: 
-0.134408	-0.141443	-0.062678	0.000933	-0.069143	-0.046969	0.024116	0.009154	0.000191	0.001110	0.000732	-0.029784	-0.047920	-0.095750	-0.104727	-0.075475	-0.126007	-0.087560	-7.797345	-12.791266	-8.369572	-6.230038	-0.900420	-1.430535	-0.000001	-0.000001	-0.000001	0.000000	0.000000	-0.000000	-0.000000	-0.000000	NesterovWithG : 2 -th iteration time = 68839.640000 ms
------------------

---------- TEST : THE 30-th ITERATION : Weights, AUC, MLE ----------
Current cWdata (encVData) : 
-1.810749793404,	-1.352977401871,	-0.344692708073,	-1.141936528165,	-1.649437770375,	0.090069815464,	4.931018242547,	2.334157718483,	1.234328500055,	0.753233658034,	0.505440074519,	0.366769313177,	-0.965108994289,	-0.441246717150,	-1.054646120024,	-0.893166680552,	-0.397032119347,	-1.042869723365,	-39.380871501820,	-62.846160591336,	-39.597109503627,	-29.027796233081,	-5.035520297779,	-7.042972731501,	





TrainMLE : -17396.185128016736
TrainAUC : 0.722630858134
TrainACC : 78.578571164031

Test MLE : -2289.779814595524
Test AUC : 0.680336794280
Test ACC : 78.318879252835
 ----------------- end of the 2-th epoch ----------------- 
 ----------------- end of the 3-th iteration ----------------- 

--------------------------------------------------------------------------------




encVData[0].logq = 55



------------------
Start Use Bootstrap To Recrypt Ciphertext
Use Bootstrap To Recrypt Ciphertext time = 38553.078000000001 ms
------------------
--------------------------------------------------------------------------------


 !!! STOP 2 ITERATION !!! 





totalUpdatingWeightsTime = 2021.665231694000
totalUpdatingWeights = 30.000000000000
totalRefreshingWeightsTime = 1129.022711810000
totalBootstrappingOperations = 30.000000000000




------------------
Start NesterovWithGminBatch : 2 -th iteration




encVData[0].logq = 395




INSIDE iter < 5;  poly3 = +0.500000000000 -0.150120000000x +0.001593000000x^3 

gamma = 1.916518433546



Quadratic Gradient: 
-2.023081	-1.480213	-0.674746	-0.227132	-0.768926	-0.601750	-0.130309	-0.138934	-0.193064	-0.189673	-0.203220	-0.437638	-0.622057	-1.009381	-1.013750	-0.839152	-1.257973	-0.914542	-56.571243	-91.161515	-60.987783	-45.811263	-6.738800	-10.947199	-0.000000	-0.000000	-0.000000	0.000000	-0.000000	0.000000	0.000001	0.000001	NesterovWithG : 2 -th iteration time = 69173.643000 ms
------------------

---------- TEST : THE 31-th ITERATION : Weights, AUC, MLE ----------
Current cWdata (encVData) : 
-5.519642485393,	-4.203056430028,	-1.698956494735,	-1.576783084426,	-3.191832470004,	-1.073270003242,	4.840344217646,	2.102771125224,	0.855505877820,	0.374888672649,	0.097948302160,	-0.522972326168,	-2.200963408418,	-2.448684656739,	-3.101577962585,	-2.568325349072,	-2.908492686090,	-2.878502477630,	-157.251158082306,	-253.185767180330,	-166.522842279410,	-124.234962000280,	-18.960800207800,	-29.637875446762,	





TrainMLE : -79644.015679297503
TrainAUC : 0.675821779295
TrainACC : 77.897114921670

Test MLE : -10624.275645771437
Test AUC : 0.634223428826
Test ACC : 77.751834556371
 ----------------- end of the 2-th epoch ----------------- 
 ----------------- end of the 4-th iteration ----------------- 

--------------------------------------------------------------------------------




encVData[0].logq = 55



------------------
Start Use Bootstrap To Recrypt Ciphertext
Use Bootstrap To Recrypt Ciphertext time = 38104.606000000000 ms
------------------
--------------------------------------------------------------------------------


 !!! STOP 2 ITERATION !!! 





totalUpdatingWeightsTime = 2090.812412214000
totalUpdatingWeights = 31.000000000000
totalRefreshingWeightsTime = 1167.127312372000
totalBootstrappingOperations = 31.000000000000




------------------
Start NesterovWithGminBatch : 2 -th iteration




encVData[0].logq = 395




INSIDE iter < 5;  poly3 = +0.500000000000 -0.150120000000x +0.001593000000x^3 

gamma = 1.909386754176



Quadratic Gradient: 
-208.936548	-121.712324	-59.912573	-30.279137	-67.155842	-56.335561	-24.752842	-24.157728	-27.756166	-27.521292	-28.718951	-44.850498	-58.797950	-85.966948	-82.765744	-73.426901	-103.399178	-78.026088	-3824.695524	-6054.494861	-4135.937425	-3128.273062	-457.312392	-765.785507	0.000001	-0.000000	0.000000	0.000001	-0.000001	0.000000	-0.000001	-0.000001	NesterovWithG : 2 -th iteration time = 68139.491000 ms
------------------

---------- TEST : THE 32-th ITERATION : Weights, AUC, MLE ----------
Current cWdata (encVData) : 
-402.308129308227,	-237.523134699336,	-116.857885170640,	-59.629766078916,	-132.308116669439,	-109.283413228119,	-42.384587814907,	-44.038398298188,	-52.276106075475,	-52.277576074079,	-54.891042008355,	-86.677869455684,	-115.165864760890,	-167.582084006035,	-162.204224380468,	-143.710422051109,	-201.769027588625,	-152.856003605678,	-7527.076399469219,	-11921.799740192970,	-8135.895439733797,	-6151.427729269972,	-899.888599059153,	-1504.637159372267,	





TrainMLE : -inf
TrainAUC : 0.585047502590
TrainACC : 77.897114921670

Test MLE : -inf
Test AUC : 0.577658403745
Test ACC : 77.751834556371
 ----------------- end of the 2-th epoch ----------------- 
 ----------------- end of the 5-th iteration ----------------- 

--------------------------------------------------------------------------------




encVData[0].logq = 55



------------------
Start Use Bootstrap To Recrypt Ciphertext
Use Bootstrap To Recrypt Ciphertext time = 38181.544999999998 ms
------------------
--------------------------------------------------------------------------------


 !!! STOP 2 ITERATION !!! 





totalUpdatingWeightsTime = 2158.929504613000
totalUpdatingWeights = 32.000000000000
totalRefreshingWeightsTime = 1205.308849766000
totalBootstrappingOperations = 32.000000000000




------------------
Start NesterovWithGminBatch : 2 -th iteration




encVData[0].logq = 395




INSIDE iter < 5;  poly3 = +0.500000000000 -0.150120000000x +0.001593000000x^3 

gamma = 1.901901492803



Quadratic Gradient: 
-44595475.787284	-14089948.805948	-7324755.145602	-7972191.296305	-8769709.228010	-7856888.807985	-8283410.719262	-8250274.234776	-8126416.114858	-8436171.936547	-8677687.352919	-9109039.778186	-10474029.711161	-12318282.838351	-10643136.510231	-10456943.086003	-11976472.984170	-9843475.426067	-13718217.574857	-19183476.124631	-18758843.701157	-14189025.510154	-12803429.071852	-16248170.020806	-0.000576	-0.000057	0.000150	0.000049	-0.000079	0.000275	-0.000159	0.000569	NesterovWithG : 2 -th iteration time = 67793.226000 ms
------------------

---------- TEST : THE 33-th ITERATION : Weights, AUC, MLE ----------
Current cWdata (encVData) : 
-85395623.484152182937,	-26983940.743619259447,	-14026416.983438711613,	-15267302.091754550114,	-16795760.380788277835,	-15045382.145502977073,	-15862996.956495745108,	-15799434.343793228269,	-15560268.256419682875,	-16155392.747772127390,	-16617050.673398520797,	-17446076.738792706281,	-20058956.328727349639,	-23588194.397469740361,	-20382887.887572310865,	-20026447.974418170750,	-22936151.117705453187,	-18850588.317908324301,	-26267305.285799775273,	-36734581.523656420410,	-35922213.867603063583,	-27168664.494520865381,	-24516714.310146223754,	-31114870.967145998031,	





TrainMLE : -inf
TrainAUC : 0.445914231995
TrainACC : 77.897114921670

Test MLE : -inf
Test AUC : 0.445637541590
Test ACC : 77.751834556371
 ----------------- end of the 2-th epoch ----------------- 
 ----------------- end of the 6-th iteration ----------------- 

--------------------------------------------------------------------------------




encVData[0].logq = 55



------------------
Start Use Bootstrap To Recrypt Ciphertext
Use Bootstrap To Recrypt Ciphertext time = 38123.862999999998 ms
------------------
--------------------------------------------------------------------------------


 !!! STOP 2 ITERATION !!! 





totalUpdatingWeightsTime = 2226.710916549000
totalUpdatingWeights = 33.000000000000
totalRefreshingWeightsTime = 1243.432706168000
totalBootstrappingOperations = 33.000000000000




------------------
Start NesterovWithGminBatch : 2 -th iteration




encVData[0].logq = 395




INSIDE iter < 5;  poly3 = +0.500000000000 -0.150120000000x +0.001593000000x^3 

gamma = 1.894056991277



Quadratic Gradient: 
-75630413.162038	-2959793.120736	-5083991.503624	-4762221.273354	-4446267.015844	-2907477.674968	-4331444.597238	-4334352.545115	-4573020.115650	-5357739.013402	-5817737.088462	-5552172.003029	-3839186.825816	-3565950.600763	-3829041.156958	-3882688.165283	-3649404.181221	-3975297.969323	-2651938.821917	-3110716.550612	-3060089.215543	-2112993.035955	-3108002.470728	-3839498.164936	0.000464	-0.000081	-0.000123	-0.000151	-0.000473	0.000175	0.000570	0.000161	NesterovWithG : 2 -th iteration time = 69484.392000 ms
------------------

---------- TEST : THE 34-th ITERATION : Weights, AUC, MLE ----------
Current cWdata (encVData) : 
-145005949.543051600456,	-5675502.839379124343,	-9747651.076232913882,	-9130041.763077151030,	-8524816.228298263624,	-5575317.303878804669,	-8305080.029574601911,	-8310563.770166002214,	-8768854.349938753992,	-10272598.640488119796,	-11152141.644950905815,	-10645132.951353466138,	-7359550.000872011296,	-6837453.247803204693,	-7342091.951397895813,	-7443265.618944813497,	-6998569.155103752390,	-7622326.329698962159,	-5087047.994580362923,	-5965116.559828477912,	-5866758.149460352026,	-4052707.709665519651,	-5957324.417251791805,	-7361155.102156133391,	





TrainMLE : -inf
TrainAUC : 0.414946801331
TrainACC : 77.897114921670

Test MLE : -inf
Test AUC : 0.422165365194
Test ACC : 77.751834556371
 ----------------- end of the 2-th epoch ----------------- 
 ----------------- end of the 7-th iteration ----------------- 

--------------------------------------------------------------------------------




encVData[0].logq = 55



------------------
Start Use Bootstrap To Recrypt Ciphertext
Use Bootstrap To Recrypt Ciphertext time = 38565.423000000003 ms
------------------
--------------------------------------------------------------------------------


 !!! STOP 2 ITERATION !!! 





totalUpdatingWeightsTime = 2296.167078141000
totalUpdatingWeights = 34.000000000000
totalRefreshingWeightsTime = 1281.998122143000
totalBootstrappingOperations = 34.000000000000




------------------
Start NesterovWithGminBatch : 2 -th iteration




encVData[0].logq = 395




INSIDE iter < 5;  poly3 = +0.500000000000 -0.150120000000x +0.001593000000x^3 

gamma = 1.885847679208



Quadratic Gradient: 
31590084.387633	-4572032.863112	-5993078.981509	-4633181.638832	-5318462.257129	-2250068.211138	-4379683.955476	-4847480.652067	-4543832.872596	-4590190.887094	-4218815.565520	-4185369.108957	-3468022.024194	-2939876.053603	-3433732.679310	-3488327.348743	-3165680.107557	-3671538.797045	-1327997.560996	-1832709.666796	-1891525.479800	-3353973.907996	-3778585.743608	-561210.480831	-0.000355	0.000046	0.000030	0.000132	0.000358	-0.000187	-0.000695	0.000826	NesterovWithG : 2 -th iteration time = 68497.159000 ms
------------------

---------- TEST : THE 35-th ITERATION : Weights, AUC, MLE ----------
Current cWdata (encVData) : 
60638661.618809089065,	-8775692.705032443628,	-11502793.094517139718,	-8891724.048233555630,	-10206700.594102855772,	-4319783.703565321863,	-8407520.195411540568,	-9302510.441297246143,	-8722160.654779314995,	-8809730.166652491316,	-8098843.298671666533,	-8034341.520626297221,	-6657695.418228412978,	-5643449.712670971639,	-6593948.730761611834,	-6697599.352759916335,	-6076456.019326047041,	-7047079.471973329782,	-2550864.758084717672,	-3516853.016282113735,	-3629830.961900273338,	-6435206.603020469658,	-7251853.343845156021,	-1080183.337891703472,	





TrainMLE : -inf
TrainAUC : 0.432555373217
TrainACC : 22.113995777934

Test MLE : -inf
Test AUC : 0.429751662135
Test ACC : 22.148098732488
 ----------------- end of the 2-th epoch ----------------- 
 ----------------- end of the 8-th iteration ----------------- 

--------------------------------------------------------------------------------




encVData[0].logq = 55



------------------
Start Use Bootstrap To Recrypt Ciphertext
Use Bootstrap To Recrypt Ciphertext time = 37768.080999999998 ms
------------------
--------------------------------------------------------------------------------


 !!! STOP 2 ITERATION !!! 





totalUpdatingWeightsTime = 2364.651594862000
totalUpdatingWeights = 35.000000000000
totalRefreshingWeightsTime = 1319.766195646000
totalBootstrappingOperations = 35.000000000000




------------------
Start NesterovWithGminBatch : 2 -th iteration




encVData[0].logq = 395



