Number of hardware threads available: 8
MyMethods::testCryptoMiniBatchNAGwithG(
trainfile : ../data/Credit_train.csv
testfile  : ../data/Credit_test.csv
logQ = 275, logN = 16
slots = 32768, batch = 32
rnum = 27, cnum = 1
min-batch size = 1024, minBatchDimBits = 10
------------------
Start Scheme generating
Scheme generation time = 11213.6 ms
------------------
NOW THE PEAK RSS IS: 2699
------------------
Start Bootstrap Key generating
Bootstrap Key generated time = 2798.71 ms
------------------
NOW THE CURR RSS IS: 3917
NOW THE PEAK RSS IS: 3917
------------------
Start Polynomial generating...
Polynomial generation time = 3.768 ms
------------------
------------------
Start Encrypting encXyZdata...
encXyZdata encryption time = 5240.08 ms
------------------
------------------
Start Encrypting Binv...
Binv encryption time = 4960.6 ms
------------------
------------------
Start Encrypting wData and vData...
wData and vData encryption time = 205.23 ms
------------------




scheme.leftRotKeyMap.size() = 34







min_lr = 1
max_lr = 2
total_steps = 81
exp_gamma = 2.5
len(Xminbatches) = rnum = 27





unsigned seed = chrono::system_clock::now().time_since_epoch().count();
unsigned seed = 652037574
randr[]:  0 1 2 3 4 5 6 7 8 9 10 11 12 13 14 15 16 17 18 19 20 21 22 23 24 25 26
randr[]:  15 22 7 23 2 21 19 26 24 25 9 12 1 3 14 18 16 4 6 8 5 13 20 0 17 10 11
------------------
Start NesterovWithGminBatch : 1 -th iteration




encVData[0].logq = 275




INSIDE iter < 5;  poly3 = +0.5 -0.15012x +0.001593x^3 

gamma = 2


NesterovWithG : 1 -th iteration time = 6094.09 ms
------------------

---------- TEST : THE 1-th ITERATION : Weights, AUC, MLE ----------
Current cWdata (encVData) : 
-0.002991861357,	-0.004845182550,	-0.003984491089,	-0.004167842717,	-0.004379178726,	-0.004287786981,	-0.003060341321,	-0.003130706416,	-0.003271273246,	-0.003314207047,	-0.003489780952,	-0.003551159095,	-0.004277087880,	-0.004251276151,	-0.004268835201,	-0.004247393532,	-0.004185314510,	-0.004246106726,	-0.005647026443,	-0.006219013308,	-0.005023434804,	-0.005460516669,	-0.004764443822,	-0.005201566432,	





TrainMLE : -18570.253672691397
TrainAUC : 0.450492015356
TrainACC : 77.897114921670

Test MLE : -2064.224898349061
Test AUC : 0.447259639164
Test ACC : 77.751834556371
 ----------------- end of the 1-th epoch ----------------- 
 ----------------- end of the 1-th iteration ----------------- 

--------------------------------------------------------------------------------




encVData[0].logq = 55



------------------
Start Use Bootstrap To Recrypt Ciphertext

before Bootstrap: encWData[0].logq = 75

after  Bootstrap: encWData[0].logq = 395
Use Bootstrap To Recrypt Ciphertext time = 39140.235999999997 ms
------------------
--------------------------------------------------------------------------------


 !!! STOP 1 ITERATION !!! 





totalUpdatingWeightsTime = 6.064066945000
totalUpdatingWeights = 1.000000000000
totalRefreshingWeightsTime = 39.140231627000
totalBootstrappingOperations = 1.000000000000




------------------
Start NesterovWithGminBatch : 1 -th iteration




encVData[0].logq = 395




INSIDE iter < 5;  poly3 = +0.500000000000 -0.150120000000x +0.001593000000x^3 

gamma = 1.999983064912


NesterovWithG : 1 -th iteration time = 5580.426000000000 ms
------------------

---------- TEST : THE 2-th ITERATION : Weights, AUC, MLE ----------
Current cWdata (encVData) : 
-0.235735248992,	-0.485047853995,	-0.437800983517,	-0.429255166591,	-0.452682978128,	-0.422302394790,	-0.321479716096,	-0.318295584674,	-0.326963146919,	-0.350286222558,	-0.352935475640,	-0.360555279755,	-0.425848384192,	-0.407990346497,	-0.424128828018,	-0.428502678043,	-0.417682025254,	-0.431113830714,	-0.491266637092,	-0.560809590098,	-0.578246960118,	-0.551373416117,	-0.466976508728,	-0.582887510135,	





TrainMLE : -15800.122955834475
TrainAUC : 0.451592203060
TrainACC : 77.897114921670

Test MLE : -1717.333417082814
Test AUC : 0.446691068880
Test ACC : 77.751834556371
 ----------------- end of the 1-th epoch ----------------- 
 ----------------- end of the 2-th iteration ----------------- 

--------------------------------------------------------------------------------




encVData[0].logq = 55



------------------
Start Use Bootstrap To Recrypt Ciphertext

before Bootstrap: encWData[0].logq = 75

after  Bootstrap: encWData[0].logq = 395
Use Bootstrap To Recrypt Ciphertext time = 39216.222999999998 ms
------------------
--------------------------------------------------------------------------------


 !!! STOP 1 ITERATION !!! 





totalUpdatingWeightsTime = 11.626540988000
totalUpdatingWeights = 2.000000000000
totalRefreshingWeightsTime = 78.356448996000
totalBootstrappingOperations = 2.000000000000




------------------
Start NesterovWithGminBatch : 1 -th iteration




encVData[0].logq = 395




INSIDE iter < 5;  poly3 = +0.500000000000 -0.150120000000x +0.001593000000x^3 

gamma = 1.999904200677


NesterovWithG : 1 -th iteration time = 5702.647000000000 ms
------------------

---------- TEST : THE 3-th ITERATION : Weights, AUC, MLE ----------
Current cWdata (encVData) : 
-0.424695333161,	-0.543031243816,	-0.369920406319,	-0.384660795622,	-0.413170461115,	-0.380012678059,	-0.143709696357,	-0.143794463669,	-0.148605482696,	-0.183049185736,	-0.202578249302,	-0.209097515316,	-0.376658499093,	-0.347641365163,	-0.371975950373,	-0.375936584219,	-0.357376488146,	-0.380154116194,	-0.560651421304,	-0.596315161870,	-0.604458691259,	-0.585492687372,	-0.391055607637,	-0.717785013366,	





TrainMLE : -15098.471505979291
TrainAUC : 0.501730078446
TrainACC : 77.897114921670

Test MLE : -1654.060016905921
Test AUC : 0.478385003123
Test ACC : 77.751834556371
 ----------------- end of the 1-th epoch ----------------- 
 ----------------- end of the 3-th iteration ----------------- 

--------------------------------------------------------------------------------




encVData[0].logq = 55



------------------
Start Use Bootstrap To Recrypt Ciphertext

before Bootstrap: encWData[0].logq = 75

after  Bootstrap: encWData[0].logq = 395
Use Bootstrap To Recrypt Ciphertext time = 39392.370999999999 ms
------------------
--------------------------------------------------------------------------------


 !!! STOP 1 ITERATION !!! 





totalUpdatingWeightsTime = 17.307986652000
totalUpdatingWeights = 3.000000000000
totalRefreshingWeightsTime = 117.748815488000
totalBootstrappingOperations = 3.000000000000




------------------
Start NesterovWithGminBatch : 1 -th iteration




encVData[0].logq = 395




INSIDE iter < 5;  poly3 = +0.500000000000 -0.150120000000x +0.001593000000x^3 

gamma = 1.999736008107


NesterovWithG : 1 -th iteration time = 5499.137000000000 ms
------------------

---------- TEST : THE 4-th ITERATION : Weights, AUC, MLE ----------
Current cWdata (encVData) : 
-0.394166150064,	-0.628030979261,	-0.349686511716,	-0.352563964337,	-0.393399066825,	-0.380123357803,	0.071453175803,	0.061413898474,	0.054846445443,	-0.018394552026,	-0.026725872491,	-0.018171159170,	-0.334635184376,	-0.283823646200,	-0.325471664742,	-0.328444225607,	-0.292564085606,	-0.339930808966,	-0.614060775236,	-0.657630518380,	-0.690799951991,	-0.651941835145,	-0.393773257779,	-0.757940659562,	





TrainMLE : -14172.432259724968
TrainAUC : 0.595474051755
TrainACC : 77.897114921670

Test MLE : -1585.907814917934
Test AUC : 0.549884002658
Test ACC : 77.751834556371
 ----------------- end of the 1-th epoch ----------------- 
 ----------------- end of the 4-th iteration ----------------- 

--------------------------------------------------------------------------------




encVData[0].logq = 55



------------------
Start Use Bootstrap To Recrypt Ciphertext

before Bootstrap: encWData[0].logq = 75

after  Bootstrap: encWData[0].logq = 395
Use Bootstrap To Recrypt Ciphertext time = 39750.938999999998 ms
------------------
--------------------------------------------------------------------------------


 !!! STOP 1 ITERATION !!! 





totalUpdatingWeightsTime = 22.788680600000
totalUpdatingWeights = 4.000000000000
totalRefreshingWeightsTime = 157.499749519000
totalBootstrappingOperations = 4.000000000000




------------------
Start NesterovWithGminBatch : 1 -th iteration




encVData[0].logq = 395




INSIDE iter < 5;  poly3 = +0.500000000000 -0.150120000000x +0.001593000000x^3 

gamma = 1.999458077190


NesterovWithG : 1 -th iteration time = 5202.905000000000 ms
------------------

---------- TEST : THE 5-th ITERATION : Weights, AUC, MLE ----------
Current cWdata (encVData) : 
-0.439111931337,	-0.806113025063,	-0.437737518542,	-0.457153937353,	-0.491730028012,	-0.474467522735,	0.179526486661,	0.154973203431,	0.150272050667,	0.065562705385,	0.040450747939,	0.049084842567,	-0.431854831525,	-0.376989643180,	-0.423147503599,	-0.422279096490,	-0.372039954844,	-0.431549063562,	-0.900515039417,	-0.979509863618,	-1.001551258722,	-0.772819901179,	-0.700057807982,	-1.056498279717,	





TrainMLE : -14406.749833305445
TrainAUC : 0.621206076778
TrainACC : 77.897114921670

Test MLE : -1587.614424163492
Test AUC : 0.575609878458
Test ACC : 77.751834556371
 ----------------- end of the 1-th epoch ----------------- 
 ----------------- end of the 5-th iteration ----------------- 

--------------------------------------------------------------------------------




encVData[0].logq = 55



------------------
Start Use Bootstrap To Recrypt Ciphertext

before Bootstrap: encWData[0].logq = 75

after  Bootstrap: encWData[0].logq = 395
Use Bootstrap To Recrypt Ciphertext time = 38326.540000000001 ms
------------------
--------------------------------------------------------------------------------


 !!! STOP 1 ITERATION !!! 





totalUpdatingWeightsTime = 27.972190984000
totalUpdatingWeights = 5.000000000000
totalRefreshingWeightsTime = 195.826285122000
totalBootstrappingOperations = 5.000000000000




------------------
Start NesterovWithGminBatch : 1 -th iteration




encVData[0].logq = 395




INSIDE iter < 5;  poly3 = +0.500000000000 -0.150120000000x +0.001593000000x^3 

gamma = 1.999053299811


NesterovWithG : 1 -th iteration time = 5608.729000000000 ms
------------------

---------- TEST : THE 6-th ITERATION : Weights, AUC, MLE ----------
Current cWdata (encVData) : 
-0.527079792082,	-0.953146355474,	-0.500625258034,	-0.516764512191,	-0.558388428815,	-0.520888148145,	0.333028354170,	0.267165964330,	0.278798434983,	0.165976229703,	0.131056357085,	0.123738620761,	-0.475201218952,	-0.409837811843,	-0.467100264063,	-0.466242063250,	-0.405098075107,	-0.473986717872,	-1.196468269235,	-1.258547736191,	-1.261191467554,	-0.965941267903,	-0.882125249997,	-1.161589130585,	





TrainMLE : -14538.438143106176
TrainAUC : 0.643040908268
TrainACC : 77.897114921670

Test MLE : -1587.081546986733
Test AUC : 0.599256356378
Test ACC : 77.751834556371
 ----------------- end of the 1-th epoch ----------------- 
 ----------------- end of the 6-th iteration ----------------- 

--------------------------------------------------------------------------------




encVData[0].logq = 55



------------------
Start Use Bootstrap To Recrypt Ciphertext

before Bootstrap: encWData[0].logq = 75

after  Bootstrap: encWData[0].logq = 395
Use Bootstrap To Recrypt Ciphertext time = 37515.913000000000 ms
------------------
--------------------------------------------------------------------------------


 !!! STOP 1 ITERATION !!! 





totalUpdatingWeightsTime = 33.561168505000
totalUpdatingWeights = 6.000000000000
totalRefreshingWeightsTime = 233.342192594000
totalBootstrappingOperations = 6.000000000000




------------------
Start NesterovWithGminBatch : 1 -th iteration




encVData[0].logq = 395




INSIDE iter < 5;  poly3 = +0.500000000000 -0.150120000000x +0.001593000000x^3 

gamma = 1.998506636340


NesterovWithG : 1 -th iteration time = 5320.879000000000 ms
------------------

---------- TEST : THE 7-th ITERATION : Weights, AUC, MLE ----------
Current cWdata (encVData) : 
-0.541448326568,	-1.043931717037,	-0.448660914442,	-0.489421694728,	-0.537490913085,	-0.496409804662,	0.574924733509,	0.504855147655,	0.495239718515,	0.356720411526,	0.315631575371,	0.304305544416,	-0.452429321126,	-0.385380909600,	-0.440771943263,	-0.436324365940,	-0.361436628767,	-0.441222893882,	-1.360871405192,	-1.514452067158,	-1.300827234490,	-1.144676494928,	-1.083101629810,	-1.175744124946,	





TrainMLE : -13650.265659236280
TrainAUC : 0.676627627095
TrainACC : 77.971186252361

Test MLE : -1535.043533078867
Test AUC : 0.630872465955
Test ACC : 77.751834556371
 ----------------- end of the 1-th epoch ----------------- 
 ----------------- end of the 7-th iteration ----------------- 

--------------------------------------------------------------------------------




encVData[0].logq = 55



------------------
Start Use Bootstrap To Recrypt Ciphertext

before Bootstrap: encWData[0].logq = 75

after  Bootstrap: encWData[0].logq = 395
Use Bootstrap To Recrypt Ciphertext time = 38791.809000000001 ms
------------------
--------------------------------------------------------------------------------


 !!! STOP 1 ITERATION !!! 





totalUpdatingWeightsTime = 38.863549872000
totalUpdatingWeights = 7.000000000000
totalRefreshingWeightsTime = 272.133998406000
totalBootstrappingOperations = 7.000000000000




------------------
Start NesterovWithGminBatch : 1 -th iteration




encVData[0].logq = 395




INSIDE iter < 5;  poly3 = +0.500000000000 -0.150120000000x +0.001593000000x^3 

gamma = 1.997804504492


NesterovWithG : 1 -th iteration time = 5352.175000000000 ms
------------------

---------- TEST : THE 8-th ITERATION : Weights, AUC, MLE ----------
Current cWdata (encVData) : 
-0.596452634411,	-1.169401780969,	-0.545459664807,	-0.634202074094,	-0.710829121528,	-0.589277175667,	0.661609348238,	0.528464638957,	0.512358780902,	0.366085557786,	0.300823654735,	0.287245900684,	-0.570072139440,	-0.477505620359,	-0.556765331266,	-0.550112251121,	-0.454021329779,	-0.557795933851,	-1.655459962070,	-1.924030135359,	-1.597551528183,	-1.381434860366,	-1.322151998267,	-1.503315365655,	





TrainMLE : -14498.442064505567
TrainAUC : 0.671126879770
TrainACC : 77.915632754342

Test MLE : -1571.085183209754
Test AUC : 0.627017893884
Test ACC : 77.718478985991
 ----------------- end of the 1-th epoch ----------------- 
 ----------------- end of the 8-th iteration ----------------- 

--------------------------------------------------------------------------------




encVData[0].logq = 55



------------------
Start Use Bootstrap To Recrypt Ciphertext

before Bootstrap: encWData[0].logq = 75

after  Bootstrap: encWData[0].logq = 395
Use Bootstrap To Recrypt Ciphertext time = 38296.012000000002 ms
------------------
--------------------------------------------------------------------------------


 !!! STOP 1 ITERATION !!! 





totalUpdatingWeightsTime = 44.195289601000
totalUpdatingWeights = 8.000000000000
totalRefreshingWeightsTime = 310.430005781000
totalBootstrappingOperations = 8.000000000000




------------------
Start NesterovWithGminBatch : 1 -th iteration




encVData[0].logq = 395




INSIDE iter < 5;  poly3 = +0.500000000000 -0.150120000000x +0.001593000000x^3 

gamma = 1.996934421650


NesterovWithG : 1 -th iteration time = 5406.398000000000 ms
------------------

---------- TEST : THE 9-th ITERATION : Weights, AUC, MLE ----------
Current cWdata (encVData) : 
-0.685090815143,	-1.224839859567,	-0.479135476652,	-0.619726746860,	-0.734886691710,	-0.541366232244,	0.876299535139,	0.713341758558,	0.642880381416,	0.503336304188,	0.436652698651,	0.420003265941,	-0.558189103615,	-0.447854878488,	-0.535916134112,	-0.527217961235,	-0.412690303414,	-0.540661193914,	-1.867834831180,	-2.001396403732,	-1.699098792447,	-1.590426517978,	-1.433211476782,	-1.496241417455,	





TrainMLE : -13925.859083121135
TrainAUC : 0.687209189275
TrainACC : 78.015629050776

Test MLE : -1535.505130723363
Test AUC : 0.641394232099
Test ACC : 77.951967978652
 ----------------- end of the 1-th epoch ----------------- 
 ----------------- end of the 9-th iteration ----------------- 

--------------------------------------------------------------------------------




encVData[0].logq = 55



------------------
Start Use Bootstrap To Recrypt Ciphertext

before Bootstrap: encWData[0].logq = 75

after  Bootstrap: encWData[0].logq = 395
Use Bootstrap To Recrypt Ciphertext time = 38336.337000000000 ms
------------------
--------------------------------------------------------------------------------


 !!! STOP 1 ITERATION !!! 





totalUpdatingWeightsTime = 49.580063119000
totalUpdatingWeights = 9.000000000000
totalRefreshingWeightsTime = 348.766339787000
totalBootstrappingOperations = 9.000000000000




------------------
Start NesterovWithGminBatch : 1 -th iteration




encVData[0].logq = 395




INSIDE iter < 5;  poly3 = +0.500000000000 -0.150120000000x +0.001593000000x^3 

gamma = 1.995884773663


NesterovWithG : 1 -th iteration time = 5261.395000000000 ms
------------------

---------- TEST : THE 10-th ITERATION : Weights, AUC, MLE ----------
Current cWdata (encVData) : 
-0.675777896316,	-1.264633844970,	-0.400708347716,	-0.600160485374,	-0.745542725956,	-0.517252481531,	1.139733393576,	0.905923032939,	0.781383576923,	0.636875981192,	0.566692300576,	0.531496555693,	-0.538476558085,	-0.404434969443,	-0.503714412550,	-0.496023937596,	-0.356812869347,	-0.511777004154,	-2.134748384215,	-2.045264812325,	-1.816785500030,	-1.655146096235,	-1.492434766857,	-1.381931045029,	





TrainMLE : -13255.678712487059
TrainAUC : 0.697077992722
TrainACC : 78.300803673938

Test MLE : -1514.044601881018
Test AUC : 0.650063642567
Test ACC : 78.519012675117
 ----------------- end of the 1-th epoch ----------------- 
 ----------------- end of the 10-th iteration ----------------- 

--------------------------------------------------------------------------------




encVData[0].logq = 55



------------------
Start Use Bootstrap To Recrypt Ciphertext

before Bootstrap: encWData[0].logq = 75

after  Bootstrap: encWData[0].logq = 395
Use Bootstrap To Recrypt Ciphertext time = 38713.697999999997 ms
------------------
--------------------------------------------------------------------------------


 !!! STOP 1 ITERATION !!! 





totalUpdatingWeightsTime = 54.819980524000
totalUpdatingWeights = 10.000000000000
totalRefreshingWeightsTime = 387.480033240000
totalBootstrappingOperations = 10.000000000000




------------------
Start NesterovWithGminBatch : 1 -th iteration




encVData[0].logq = 395




INSIDE iter < 5;  poly3 = +0.500000000000 -0.150120000000x +0.001593000000x^3 

gamma = 1.994644655015


NesterovWithG : 1 -th iteration time = 5191.104000000000 ms
------------------

---------- TEST : THE 11-th ITERATION : Weights, AUC, MLE ----------
Current cWdata (encVData) : 
-0.727670746953,	-1.355866964864,	-0.407465499449,	-0.699131262806,	-0.865777151453,	-0.592728527140,	1.271363781042,	0.968727843443,	0.793482408721,	0.664086900195,	0.602069311875,	0.554720722250,	-0.608272127577,	-0.428331969671,	-0.560918005580,	-0.552096060593,	-0.354403194983,	-0.564913324620,	-2.391660463481,	-2.214049073135,	-2.031356924093,	-1.634756976277,	-1.532490083496,	-1.403976571863,	





TrainMLE : -13508.249081196655
TrainAUC : 0.697871771207
TrainACC : 78.204510944039

Test MLE : -1514.784938218085
Test AUC : 0.651198210419
Test ACC : 78.318879252835
 ----------------- end of the 1-th epoch ----------------- 
 ----------------- end of the 11-th iteration ----------------- 

--------------------------------------------------------------------------------




encVData[0].logq = 55



------------------
Start Use Bootstrap To Recrypt Ciphertext

before Bootstrap: encWData[0].logq = 75

after  Bootstrap: encWData[0].logq = 395
Use Bootstrap To Recrypt Ciphertext time = 39019.516000000003 ms
------------------
--------------------------------------------------------------------------------


 !!! STOP 1 ITERATION !!! 





totalUpdatingWeightsTime = 59.990868631000
totalUpdatingWeights = 11.000000000000
totalRefreshingWeightsTime = 426.499544700000
totalBootstrappingOperations = 11.000000000000




------------------
Start NesterovWithGminBatch : 1 -th iteration




encVData[0].logq = 395




INSIDE iter < 5;  poly3 = +0.500000000000 -0.150120000000x +0.001593000000x^3 

gamma = 1.993203752822


NesterovWithG : 1 -th iteration time = 5528.727000000000 ms
------------------

---------- TEST : THE 12-th ITERATION : Weights, AUC, MLE ----------
Current cWdata (encVData) : 
-0.839607206687,	-1.459846209499,	-0.425421549420,	-0.761272226268,	-0.951364590613,	-0.622429355445,	1.451108549189,	1.065572380625,	0.860003415896,	0.724496761861,	0.642070171744,	0.575683776802,	-0.673562804247,	-0.466139901321,	-0.617876957936,	-0.605147667926,	-0.382160383754,	-0.620926942199,	-2.683656687148,	-2.370521438907,	-2.255946831238,	-1.604741252457,	-1.687433124564,	-1.528930798669,	





TrainMLE : -13843.203542917532
TrainAUC : 0.699285649552
TrainACC : 78.171178845228

Test MLE : -1524.800779236891
Test AUC : 0.652740553790
Test ACC : 78.352234823215
 ----------------- end of the 1-th epoch ----------------- 
 ----------------- end of the 12-th iteration ----------------- 

--------------------------------------------------------------------------------




encVData[0].logq = 55



------------------
Start Use Bootstrap To Recrypt Ciphertext

before Bootstrap: encWData[0].logq = 75

after  Bootstrap: encWData[0].logq = 395
Use Bootstrap To Recrypt Ciphertext time = 38632.542000000001 ms
------------------
--------------------------------------------------------------------------------


 !!! STOP 1 ITERATION !!! 





totalUpdatingWeightsTime = 65.499313090000
totalUpdatingWeights = 12.000000000000
totalRefreshingWeightsTime = 465.132081192000
totalBootstrappingOperations = 12.000000000000




------------------
Start NesterovWithGminBatch : 1 -th iteration




encVData[0].logq = 395




INSIDE iter < 5;  poly3 = +0.500000000000 -0.150120000000x +0.001593000000x^3 

gamma = 1.991552259436


NesterovWithG : 1 -th iteration time = 5036.850000000000 ms
------------------

---------- TEST : THE 13-th ITERATION : Weights, AUC, MLE ----------
Current cWdata (encVData) : 
-0.861924846560,	-1.495882372834,	-0.317286453603,	-0.676930232637,	-0.903502126750,	-0.510607527734,	1.780677740346,	1.317720295189,	1.063581608086,	0.932438820659,	0.850276061521,	0.756454437317,	-0.606567528079,	-0.372824466379,	-0.541311258949,	-0.528678214340,	-0.285217612599,	-0.550389888409,	-2.874078613371,	-2.447900291511,	-2.326509570151,	-1.671890195559,	-1.801723090061,	-1.483749383599,	





TrainMLE : -12949.092512259014
TrainAUC : 0.703981927289
TrainACC : 79.356320136291

Test MLE : -1526.266825694308
Test AUC : 0.656283827198
Test ACC : 78.585723815877
 ----------------- end of the 1-th epoch ----------------- 
 ----------------- end of the 13-th iteration ----------------- 

--------------------------------------------------------------------------------




encVData[0].logq = 55



------------------
Start Use Bootstrap To Recrypt Ciphertext

before Bootstrap: encWData[0].logq = 75

after  Bootstrap: encWData[0].logq = 395
Use Bootstrap To Recrypt Ciphertext time = 36871.160000000003 ms
------------------
--------------------------------------------------------------------------------


 !!! STOP 1 ITERATION !!! 





totalUpdatingWeightsTime = 70.519259926000
totalUpdatingWeights = 13.000000000000
totalRefreshingWeightsTime = 502.003237077000
totalBootstrappingOperations = 13.000000000000




------------------
Start NesterovWithGminBatch : 1 -th iteration




encVData[0].logq = 395




INSIDE iter < 5;  poly3 = +0.500000000000 -0.150120000000x +0.001593000000x^3 

gamma = 1.989680804661


NesterovWithG : 1 -th iteration time = 5118.225000000000 ms
------------------

---------- TEST : THE 14-th ITERATION : Weights, AUC, MLE ----------
Current cWdata (encVData) : 
-0.848777119547,	-1.612903886258,	-0.291709127311,	-0.744607219305,	-0.969798377488,	-0.514082692187,	1.998198322755,	1.451488442583,	1.149396862781,	1.005125185159,	0.957379936771,	0.838415487873,	-0.663089910484,	-0.414051056045,	-0.588129715390,	-0.569209660535,	-0.298294835930,	-0.586883745246,	-3.117136830565,	-2.627736173378,	-2.303388358119,	-1.819030578535,	-1.795633342364,	-1.688625085807,	





TrainMLE : -12910.084769251931
TrainAUC : 0.704723198283
TrainACC : 79.871115884597

Test MLE : -1544.826049854157
Test AUC : 0.656941156192
Test ACC : 78.719146097398
 ----------------- end of the 1-th epoch ----------------- 
 ----------------- end of the 14-th iteration ----------------- 

--------------------------------------------------------------------------------




encVData[0].logq = 55



------------------
Start Use Bootstrap To Recrypt Ciphertext

before Bootstrap: encWData[0].logq = 75

after  Bootstrap: encWData[0].logq = 395
Use Bootstrap To Recrypt Ciphertext time = 37728.743999999999 ms
------------------
--------------------------------------------------------------------------------


 !!! STOP 1 ITERATION !!! 





totalUpdatingWeightsTime = 75.621640590000
totalUpdatingWeights = 14.000000000000
totalRefreshingWeightsTime = 539.731975962000
totalBootstrappingOperations = 14.000000000000




------------------
Start NesterovWithGminBatch : 1 -th iteration




encVData[0].logq = 395




INSIDE iter < 5;  poly3 = +0.500000000000 -0.150120000000x +0.001593000000x^3 

gamma = 1.987580401907


NesterovWithG : 1 -th iteration time = 5640.875000000000 ms
------------------

---------- TEST : THE 15-th ITERATION : Weights, AUC, MLE ----------
Current cWdata (encVData) : 
-0.972484861390,	-1.839289674330,	-0.363042311498,	-0.878413175165,	-1.121097753803,	-0.617148425269,	2.151135696113,	1.508672331933,	1.157132594624,	0.985133937526,	0.954734422201,	0.819499136087,	-0.814161678695,	-0.551864263821,	-0.725740557233,	-0.700278869477,	-0.406124009381,	-0.714637361439,	-3.471665706257,	-2.922016419959,	-2.409062712780,	-2.079228865368,	-1.992474171868,	-1.935883255572,	





TrainMLE : -13575.026105101741
TrainAUC : 0.704662939344
TrainACC : 78.778563756898

Test MLE : -1530.019610712086
Test AUC : 0.657428685914
Test ACC : 79.119412941961
 ----------------- end of the 1-th epoch ----------------- 
 ----------------- end of the 15-th iteration ----------------- 

--------------------------------------------------------------------------------




encVData[0].logq = 55



------------------
Start Use Bootstrap To Recrypt Ciphertext

before Bootstrap: encWData[0].logq = 75

after  Bootstrap: encWData[0].logq = 395
Use Bootstrap To Recrypt Ciphertext time = 38484.932999999997 ms
------------------
--------------------------------------------------------------------------------


 !!! STOP 1 ITERATION !!! 





totalUpdatingWeightsTime = 81.240727501000
totalUpdatingWeights = 15.000000000000
totalRefreshingWeightsTime = 578.216903137000
totalBootstrappingOperations = 15.000000000000




------------------
Start NesterovWithGminBatch : 1 -th iteration




encVData[0].logq = 395




INSIDE iter < 5;  poly3 = +0.500000000000 -0.150120000000x +0.001593000000x^3 

gamma = 1.985242404564


NesterovWithG : 1 -th iteration time = 5392.748000000000 ms
------------------

---------- TEST : THE 16-th ITERATION : Weights, AUC, MLE ----------
Current cWdata (encVData) : 
-1.097062939498,	-1.943670107494,	-0.359165337586,	-0.899799418545,	-1.156448448660,	-0.636760648523,	2.371295591205,	1.651171544440,	1.239272001322,	1.032339221831,	1.020456386620,	0.886147038299,	-0.865066051000,	-0.603220218656,	-0.772860324841,	-0.739463051050,	-0.425978501591,	-0.742145125182,	-3.711506374842,	-3.191628291294,	-2.468172439779,	-2.134387261415,	-1.744824955827,	-2.142365682523,	





TrainMLE : -13754.906940845360
TrainAUC : 0.705409492156
TrainACC : 78.885967186401

Test MLE : -1539.576295013168
Test AUC : 0.658024912897
Test ACC : 79.019346230821
 ----------------- end of the 1-th epoch ----------------- 
 ----------------- end of the 16-th iteration ----------------- 

--------------------------------------------------------------------------------




encVData[0].logq = 55



------------------
Start Use Bootstrap To Recrypt Ciphertext

before Bootstrap: encWData[0].logq = 75

after  Bootstrap: encWData[0].logq = 395
Use Bootstrap To Recrypt Ciphertext time = 39167.745999999999 ms
------------------
--------------------------------------------------------------------------------


 !!! STOP 1 ITERATION !!! 





totalUpdatingWeightsTime = 86.610543972000
totalUpdatingWeights = 16.000000000000
totalRefreshingWeightsTime = 617.384644673000
totalBootstrappingOperations = 16.000000000000




------------------
Start NesterovWithGminBatch : 1 -th iteration




encVData[0].logq = 395




INSIDE iter < 5;  poly3 = +0.500000000000 -0.150120000000x +0.001593000000x^3 

gamma = 1.982658470084


NesterovWithG : 1 -th iteration time = 5488.858000000000 ms
------------------

---------- TEST : THE 17-th ITERATION : Weights, AUC, MLE ----------
Current cWdata (encVData) : 
-1.110153282757,	-1.977425636552,	-0.305039641117,	-0.888212792415,	-1.156272533482,	-0.568960175396,	2.623703339712,	1.822720342153,	1.355674608632,	1.111753279080,	1.102533137593,	0.976587960625,	-0.855844127330,	-0.581452874430,	-0.752540408348,	-0.713920518570,	-0.388840342631,	-0.718192618616,	-3.892239773117,	-3.316047236201,	-2.479212866182,	-2.259939698758,	-1.708974306719,	-2.248768489026,	





TrainMLE : -13313.880860818452
TrainAUC : 0.706627935241
TrainACC : 79.797044553905

Test MLE : -1548.715558272142
Test AUC : 0.659169771614
Test ACC : 78.785857238159
 ----------------- end of the 1-th epoch ----------------- 
 ----------------- end of the 17-th iteration ----------------- 

--------------------------------------------------------------------------------




encVData[0].logq = 55



------------------
Start Use Bootstrap To Recrypt Ciphertext

before Bootstrap: encWData[0].logq = 75

after  Bootstrap: encWData[0].logq = 395
Use Bootstrap To Recrypt Ciphertext time = 39542.112000000001 ms
------------------
--------------------------------------------------------------------------------


 !!! STOP 1 ITERATION !!! 





totalUpdatingWeightsTime = 92.076714232000
totalUpdatingWeights = 17.000000000000
totalRefreshingWeightsTime = 656.926751404000
totalBootstrappingOperations = 17.000000000000




------------------
Start NesterovWithGminBatch : 1 -th iteration




encVData[0].logq = 395




INSIDE iter < 5;  poly3 = +0.500000000000 -0.150120000000x +0.001593000000x^3 

gamma = 1.979820529970


NesterovWithG : 1 -th iteration time = 5505.216000000000 ms
------------------

---------- TEST : THE 18-th ITERATION : Weights, AUC, MLE ----------
Current cWdata (encVData) : 
-1.109699505601,	-2.035210153543,	-0.300379196778,	-0.886189599388,	-1.203114834440,	-0.526494116995,	2.869054275490,	1.994733190869,	1.458824498271,	1.174380561752,	1.176101690165,	1.053156964002,	-0.852220498818,	-0.543318069798,	-0.741561842415,	-0.706820891387,	-0.349106740234,	-0.718166843539,	-4.046680529373,	-3.470178404524,	-2.571672667847,	-2.462226868512,	-1.737759885508,	-2.237233120606,	





TrainMLE : -13144.587336533201
TrainAUC : 0.707349568704
TrainACC : 80.400725899041

Test MLE : -1573.142493099382
Test AUC : 0.660141615164
Test ACC : 78.785857238159
 ----------------- end of the 1-th epoch ----------------- 
 ----------------- end of the 18-th iteration ----------------- 

--------------------------------------------------------------------------------




encVData[0].logq = 55



------------------
Start Use Bootstrap To Recrypt Ciphertext

before Bootstrap: encWData[0].logq = 75

after  Bootstrap: encWData[0].logq = 395
Use Bootstrap To Recrypt Ciphertext time = 39430.898000000001 ms
------------------
--------------------------------------------------------------------------------


 !!! STOP 1 ITERATION !!! 





totalUpdatingWeightsTime = 97.561108006000
totalUpdatingWeights = 18.000000000000
totalRefreshingWeightsTime = 696.357644372000
totalBootstrappingOperations = 18.000000000000




------------------
Start NesterovWithGminBatch : 1 -th iteration




encVData[0].logq = 395




INSIDE iter < 5;  poly3 = +0.500000000000 -0.150120000000x +0.001593000000x^3 

gamma = 1.976720764405


NesterovWithG : 1 -th iteration time = 5501.913000000000 ms
------------------

---------- TEST : THE 19-th ITERATION : Weights, AUC, MLE ----------
Current cWdata (encVData) : 
-1.211704153547,	-2.164855393689,	-0.426472951850,	-1.007487687142,	-1.365585286630,	-0.631564911325,	2.952601644633,	1.976513919367,	1.389653042884,	1.079485051658,	1.087126985443,	0.970693549148,	-0.972478907155,	-0.620681508124,	-0.851581360033,	-0.819966090014,	-0.424573962776,	-0.836918975091,	-4.264418928333,	-3.669784286562,	-2.745632648243,	-2.496184550350,	-1.882150990844,	-2.456688891049,	





TrainMLE : -14142.372385906612
TrainAUC : 0.707616431998
TrainACC : 79.119291878079

Test MLE : -1565.793239830867
Test AUC : 0.661053643063
Test ACC : 78.885923949300
 ----------------- end of the 1-th epoch ----------------- 
 ----------------- end of the 19-th iteration ----------------- 

--------------------------------------------------------------------------------




encVData[0].logq = 55



------------------
Start Use Bootstrap To Recrypt Ciphertext

before Bootstrap: encWData[0].logq = 75

after  Bootstrap: encWData[0].logq = 395
Use Bootstrap To Recrypt Ciphertext time = 41098.737999999998 ms
------------------
--------------------------------------------------------------------------------


 !!! STOP 1 ITERATION !!! 





totalUpdatingWeightsTime = 103.042615701000
totalUpdatingWeights = 19.000000000000
totalRefreshingWeightsTime = 737.456378191000
totalBootstrappingOperations = 19.000000000000




------------------
Start NesterovWithGminBatch : 1 -th iteration




encVData[0].logq = 395




INSIDE iter < 5;  poly3 = +0.500000000000 -0.150120000000x +0.001593000000x^3 

gamma = 1.973351580575


NesterovWithG : 1 -th iteration time = 5408.055000000000 ms
------------------

---------- TEST : THE 20-th ITERATION : Weights, AUC, MLE ----------
Current cWdata (encVData) : 
-1.261043530918,	-2.019742892146,	-0.271180544360,	-0.859791284245,	-1.223010828551,	-0.451155701729,	3.276289635265,	2.199954274499,	1.550341496159,	1.209762810165,	1.215867368717,	1.100874388185,	-0.817465589374,	-0.436653810119,	-0.687575320023,	-0.657871506807,	-0.238963907559,	-0.682885959354,	-4.188883901584,	-3.683792225964,	-2.658347854180,	-2.332206138423,	-1.774202564403,	-2.454108743960,	





TrainMLE : -13052.870910915601
TrainAUC : 0.708912517021
TrainACC : 80.693307655272

Test MLE : -1595.333544483000
Test AUC : 0.662188210914
Test ACC : 78.652434956638
 ----------------- end of the 1-th epoch ----------------- 
 ----------------- end of the 20-th iteration ----------------- 

--------------------------------------------------------------------------------




encVData[0].logq = 55



------------------
Start Use Bootstrap To Recrypt Ciphertext

before Bootstrap: encWData[0].logq = 75

after  Bootstrap: encWData[0].logq = 395
Use Bootstrap To Recrypt Ciphertext time = 40107.559000000001 ms
------------------
--------------------------------------------------------------------------------


 !!! STOP 1 ITERATION !!! 





totalUpdatingWeightsTime = 108.429788757000
totalUpdatingWeights = 20.000000000000
totalRefreshingWeightsTime = 777.563932153000
totalBootstrappingOperations = 20.000000000000




------------------
Start NesterovWithGminBatch : 1 -th iteration




encVData[0].logq = 395




INSIDE iter < 5;  poly3 = +0.500000000000 -0.150120000000x +0.001593000000x^3 

gamma = 1.969705593964


NesterovWithG : 1 -th iteration time = 5586.187000000000 ms
------------------

---------- TEST : THE 21-th ITERATION : Weights, AUC, MLE ----------
Current cWdata (encVData) : 
-1.245868638979,	-2.108699121467,	-0.246517776105,	-0.995195670236,	-1.410655842375,	-0.491417851139,	3.299959781161,	2.116688263363,	1.388349106798,	1.002398770547,	1.018045218886,	0.925851266040,	-0.961171411102,	-0.543641490317,	-0.828131109459,	-0.796253040458,	-0.357343777655,	-0.834572751681,	-4.456818964982,	-3.962878643284,	-2.783432777046,	-2.475031678255,	-1.885705420044,	-2.632310711047,	





TrainMLE : -13625.644556251696
TrainAUC : 0.710479655741
TrainACC : 79.741491055887

Test MLE : -1550.373994264498
Test AUC : 0.664975748934
Test ACC : 78.785857238159
 ----------------- end of the 1-th epoch ----------------- 
 ----------------- end of the 21-th iteration ----------------- 

--------------------------------------------------------------------------------




encVData[0].logq = 55



------------------
Start Use Bootstrap To Recrypt Ciphertext

before Bootstrap: encWData[0].logq = 75

after  Bootstrap: encWData[0].logq = 395
Use Bootstrap To Recrypt Ciphertext time = 39796.809999999998 ms
------------------
--------------------------------------------------------------------------------


 !!! STOP 1 ITERATION !!! 





totalUpdatingWeightsTime = 113.996208726000
totalUpdatingWeights = 21.000000000000
totalRefreshingWeightsTime = 817.360736981000
totalBootstrappingOperations = 21.000000000000




------------------
Start NesterovWithGminBatch : 1 -th iteration




encVData[0].logq = 395




INSIDE iter < 5;  poly3 = +0.500000000000 -0.150120000000x +0.001593000000x^3 

gamma = 1.965775612094


NesterovWithG : 1 -th iteration time = 5530.933000000000 ms
------------------

---------- TEST : THE 22-th ITERATION : Weights, AUC, MLE ----------
Current cWdata (encVData) : 
-1.381322060830,	-2.050439484549,	-0.246343919937,	-1.014261308256,	-1.406061085949,	-0.385116789279,	3.487277250337,	2.193619280369,	1.392872429876,	0.956211849601,	0.959497114132,	0.881249542213,	-0.941111961391,	-0.481786495727,	-0.803247913144,	-0.770811434055,	-0.306643171225,	-0.819741404290,	-4.532807818456,	-4.123308145543,	-2.818050853162,	-2.442171618209,	-1.761527409430,	-2.521208144819,	





TrainMLE : -13672.584059595754
TrainAUC : 0.711908726285
TrainACC : 79.693344690937

Test MLE : -1546.513856282331
Test AUC : 0.667083446694
Test ACC : 78.785857238159
 ----------------- end of the 1-th epoch ----------------- 
 ----------------- end of the 22-th iteration ----------------- 

--------------------------------------------------------------------------------




encVData[0].logq = 55



------------------
Start Use Bootstrap To Recrypt Ciphertext

before Bootstrap: encWData[0].logq = 75

after  Bootstrap: encWData[0].logq = 395
Use Bootstrap To Recrypt Ciphertext time = 39426.254999999997 ms
------------------
--------------------------------------------------------------------------------


 !!! STOP 1 ITERATION !!! 





totalUpdatingWeightsTime = 119.507865620000
totalUpdatingWeights = 22.000000000000
totalRefreshingWeightsTime = 856.786987776000
totalBootstrappingOperations = 22.000000000000




------------------
Start NesterovWithGminBatch : 1 -th iteration




encVData[0].logq = 395




INSIDE iter < 5;  poly3 = +0.500000000000 -0.150120000000x +0.001593000000x^3 

gamma = 1.961554620269


NesterovWithG : 1 -th iteration time = 5581.184000000000 ms
------------------

---------- TEST : THE 23-th ITERATION : Weights, AUC, MLE ----------
Current cWdata (encVData) : 
-1.364566380339,	-1.917374752467,	-0.150131211630,	-0.964958624493,	-1.351749317783,	-0.208281167757,	3.701086007820,	2.287050924154,	1.418987882682,	0.957090463984,	0.913064810994,	0.846231191962,	-0.880796771688,	-0.397699926593,	-0.736336177654,	-0.701195242419,	-0.218054129660,	-0.756100078588,	-4.587300147738,	-4.214587427584,	-2.811611730176,	-2.318543758309,	-1.667828004412,	-2.396459640172,	





TrainMLE : -13080.588080750573
TrainAUC : 0.712993339396
TrainACC : 80.434057997852

Test MLE : -1549.464967613757
Test AUC : 0.669085663089
Test ACC : 79.119412941961
 ----------------- end of the 1-th epoch ----------------- 
 ----------------- end of the 23-th iteration ----------------- 

--------------------------------------------------------------------------------




encVData[0].logq = 55



------------------
Start Use Bootstrap To Recrypt Ciphertext

before Bootstrap: encWData[0].logq = 75

after  Bootstrap: encWData[0].logq = 395
Use Bootstrap To Recrypt Ciphertext time = 38112.705999999998 ms
------------------
--------------------------------------------------------------------------------


 !!! STOP 1 ITERATION !!! 





totalUpdatingWeightsTime = 125.072996046000
totalUpdatingWeights = 23.000000000000
totalRefreshingWeightsTime = 894.899688780000
totalBootstrappingOperations = 23.000000000000




------------------
Start NesterovWithGminBatch : 1 -th iteration




encVData[0].logq = 395




INSIDE iter < 5;  poly3 = +0.500000000000 -0.150120000000x +0.001593000000x^3 

gamma = 1.957035769008


NesterovWithG : 1 -th iteration time = 5430.457000000000 ms
------------------

---------- TEST : THE 24-th ITERATION : Weights, AUC, MLE ----------
Current cWdata (encVData) : 
-1.343368587222,	-1.809863844937,	-0.324409743910,	-0.974683588353,	-1.373279298909,	-0.115921884151,	3.875938948683,	2.288594772842,	1.364203349530,	0.876054966788,	0.817623803145,	0.771621909909,	-0.858683521435,	-0.329245658782,	-0.717421009405,	-0.681868161989,	-0.164169054500,	-0.743424702415,	-4.525326358303,	-4.471778900353,	-2.583457555198,	-2.236691689103,	-1.629653252429,	-2.272074584893,	





TrainMLE : -13099.193082631751
TrainAUC : 0.714782927925
TrainACC : 80.371097366764

Test MLE : -1539.544562263680
Test AUC : 0.672062295750
Test ACC : 78.985990660440
 ----------------- end of the 1-th epoch ----------------- 
 ----------------- end of the 24-th iteration ----------------- 

--------------------------------------------------------------------------------




encVData[0].logq = 55



------------------
Start Use Bootstrap To Recrypt Ciphertext

before Bootstrap: encWData[0].logq = 75

after  Bootstrap: encWData[0].logq = 395
Use Bootstrap To Recrypt Ciphertext time = 40339.442000000003 ms
------------------
--------------------------------------------------------------------------------


 !!! STOP 1 ITERATION !!! 





totalUpdatingWeightsTime = 130.482687811000
totalUpdatingWeights = 24.000000000000
totalRefreshingWeightsTime = 935.239125971000
totalBootstrappingOperations = 24.000000000000




------------------
Start NesterovWithGminBatch : 1 -th iteration




encVData[0].logq = 395




INSIDE iter < 5;  poly3 = +0.500000000000 -0.150120000000x +0.001593000000x^3 

gamma = 1.952212362890


NesterovWithG : 1 -th iteration time = 5443.535000000000 ms
------------------

---------- TEST : THE 25-th ITERATION : Weights, AUC, MLE ----------
Current cWdata (encVData) : 
-1.394592978105,	-1.783556837011,	-0.426147391948,	-1.008661237903,	-1.412252284235,	-0.072322157116,	4.025217280963,	2.317197616141,	1.327661621187,	0.834072359484,	0.719663448674,	0.682153527890,	-0.877130438063,	-0.315031531632,	-0.733519144082,	-0.698708086332,	-0.153908459478,	-0.765876459578,	-4.726124280201,	-4.944591008446,	-2.640563260643,	-2.188529230932,	-1.583545755215,	-2.280364460121,	





TrainMLE : -13337.739518684333
TrainAUC : 0.715625979487
TrainACC : 80.008147846376

Test MLE : -1534.371374629500
Test AUC : 0.673883135652
Test ACC : 79.052701801201
 ----------------- end of the 1-th epoch ----------------- 
 ----------------- end of the 25-th iteration ----------------- 

--------------------------------------------------------------------------------




encVData[0].logq = 55



------------------
Start Use Bootstrap To Recrypt Ciphertext

before Bootstrap: encWData[0].logq = 75

after  Bootstrap: encWData[0].logq = 395
Use Bootstrap To Recrypt Ciphertext time = 40054.131000000001 ms
------------------
--------------------------------------------------------------------------------


 !!! STOP 1 ITERATION !!! 





totalUpdatingWeightsTime = 135.906223253000
totalUpdatingWeights = 25.000000000000
totalRefreshingWeightsTime = 975.293251542000
totalBootstrappingOperations = 25.000000000000




------------------
Start NesterovWithGminBatch : 1 -th iteration




encVData[0].logq = 395




INSIDE iter < 5;  poly3 = +0.500000000000 -0.150120000000x +0.001593000000x^3 

gamma = 1.947077850599


NesterovWithG : 1 -th iteration time = 5607.664000000000 ms
------------------

---------- TEST : THE 26-th ITERATION : Weights, AUC, MLE ----------
Current cWdata (encVData) : 
-1.448606349825,	-1.675639614815,	-0.426504129649,	-1.009704542413,	-1.447761085864,	0.046293075149,	4.172298888189,	2.332720137795,	1.287708685431,	0.787653447818,	0.621727815030,	0.589864142002,	-0.860765320296,	-0.279249161552,	-0.709046595156,	-0.690841190980,	-0.129227108895,	-0.770029041800,	-7.283647409372,	-8.215975598614,	-4.835639560075,	-4.157577439700,	-1.672158046572,	-2.347908565486,	





TrainMLE : -13445.845572028838
TrainAUC : 0.717940276476
TrainACC : 79.797044553905

Test MLE : -1542.322415536632
Test AUC : 0.679476220706
Test ACC : 79.086057371581
 ----------------- end of the 1-th epoch ----------------- 
 ----------------- end of the 26-th iteration ----------------- 

--------------------------------------------------------------------------------




encVData[0].logq = 55



------------------
Start Use Bootstrap To Recrypt Ciphertext

before Bootstrap: encWData[0].logq = 75

after  Bootstrap: encWData[0].logq = 395
Use Bootstrap To Recrypt Ciphertext time = 37897.063000000002 ms
------------------
--------------------------------------------------------------------------------


 !!! STOP 1 ITERATION !!! 





totalUpdatingWeightsTime = 141.493114355000
totalUpdatingWeights = 26.000000000000
totalRefreshingWeightsTime = 1013.190310639000
totalBootstrappingOperations = 26.000000000000




------------------
Start NesterovWithGminBatch : 1 -th iteration




encVData[0].logq = 395




INSIDE iter < 5;  poly3 = +0.500000000000 -0.150120000000x +0.001593000000x^3 

gamma = 1.941625815997


NesterovWithG : 1 -th iteration time = 5435.990000000000 ms
------------------

---------- TEST : THE 27-th ITERATION : Weights, AUC, MLE ----------
Current cWdata (encVData) : 
-1.451957294914,	-1.587087857747,	-0.458168407584,	-0.970537147434,	-1.459085835440,	0.157356877058,	4.378703526000,	2.357413391211,	1.306588772984,	0.790948099161,	0.619980593681,	0.598974524648,	-0.829930387997,	-0.218755625395,	-0.669533061857,	-0.679092543049,	-0.097623089498,	-0.758732952746,	-8.693226439889,	-9.786398197470,	-6.298549455009,	-5.492439399203,	-2.223336432264,	-2.804446223579,	





TrainMLE : -13299.893567211182
TrainAUC : 0.718994688418
TrainACC : 80.078515610533

Test MLE : -1552.356740718154
Test AUC : 0.682135766094
Test ACC : 79.119412941961
 ----------------- end of the 1-th epoch ----------------- 
 ----------------- end of the 27-th iteration ----------------- 

--------------------------------------------------------------------------------




encVData[0].logq = 55



------------------
Start Use Bootstrap To Recrypt Ciphertext

before Bootstrap: encWData[0].logq = 75

after  Bootstrap: encWData[0].logq = 395
Use Bootstrap To Recrypt Ciphertext time = 38643.264000000003 ms
------------------
--------------------------------------------------------------------------------


 !!! STOP 1 ITERATION !!! 





totalUpdatingWeightsTime = 146.910191131000
totalUpdatingWeights = 27.000000000000
totalRefreshingWeightsTime = 1051.833570389000
totalBootstrappingOperations = 27.000000000000




randr[]:  0 1 2 3 4 5 6 7 8 9 10 11 12 13 14 15 16 17 18 19 20 21 22 23 24 25 26
randr[]:  15 22 7 23 2 21 19 26 24 25 9 12 1 3 14 18 16 4 6 8 5 13 20 0 17 10 11
------------------
Start NesterovWithGminBatch : 2 -th iteration




encVData[0].logq = 395




INSIDE iter < 5;  poly3 = +0.500000000000 -0.150120000000x +0.001593000000x^3 

gamma = 1.935849970090


NesterovWithG : 2 -th iteration time = 5389.239000000000 ms
------------------

---------- TEST : THE 28-th ITERATION : Weights, AUC, MLE ----------
Current cWdata (encVData) : 
-1.452139559028,	-1.374702448873,	-0.342105698416,	-0.941027515237,	-1.421575898780,	0.282952140240,	4.533211371275,	2.396009720572,	1.271893480291,	0.760772151717,	0.517829445543,	0.499586867338,	-0.779060400352,	-0.163252712696,	-0.614372851844,	-0.617330419895,	-0.021375595261,	-0.702377496960,	-9.558469061368,	-11.162140944328,	-6.752018917287,	-5.892745711201,	-1.830290238474,	-2.490775367739,	





TrainMLE : -12932.170625812138
TrainAUC : 0.720482018299
TrainACC : 80.548868560424

Test MLE : -1542.365276990666
Test AUC : 0.685488658502
Test ACC : 78.919279519680
 ----------------- end of the 2-th epoch ----------------- 
 ----------------- end of the 1-th iteration ----------------- 

--------------------------------------------------------------------------------




encVData[0].logq = 55



------------------
Start Use Bootstrap To Recrypt Ciphertext

before Bootstrap: encWData[0].logq = 75

after  Bootstrap: encWData[0].logq = 395
Use Bootstrap To Recrypt Ciphertext time = 39406.504000000001 ms
------------------
--------------------------------------------------------------------------------


 !!! STOP 2 ITERATION !!! 





totalUpdatingWeightsTime = 152.278589251000
totalUpdatingWeights = 28.000000000000
totalRefreshingWeightsTime = 1091.240070065000
totalBootstrappingOperations = 28.000000000000




------------------
Start NesterovWithGminBatch : 2 -th iteration




encVData[0].logq = 395




INSIDE iter < 5;  poly3 = +0.500000000000 -0.150120000000x +0.001593000000x^3 

gamma = 1.929744143749


NesterovWithG : 2 -th iteration time = 5337.344000000000 ms
------------------

---------- TEST : THE 29-th ITERATION : Weights, AUC, MLE ----------
Current cWdata (encVData) : 
-1.470255821135,	-1.288904784797,	-0.373081540692,	-1.037455790827,	-1.512692086773,	0.287202991770,	4.575546753699,	2.297796553046,	1.144614755095,	0.604752219287,	0.337458290514,	0.323489171482,	-0.846614014181,	-0.203850541989,	-0.673546319804,	-0.688960508945,	-0.069952998676,	-0.776031116521,	-10.487374451816,	-12.498249905893,	-7.650137038362,	-6.645440470974,	-1.901615441888,	-2.658189114438,	





TrainMLE : -13435.432753412582
TrainAUC : 0.721877087633
TrainACC : 79.600755527573

Test MLE : -1549.748917234678
Test AUC : 0.688153992502
Test ACC : 79.252835223482
 ----------------- end of the 2-th epoch ----------------- 
 ----------------- end of the 2-th iteration ----------------- 

--------------------------------------------------------------------------------




encVData[0].logq = 55



------------------
Start Use Bootstrap To Recrypt Ciphertext

before Bootstrap: encWData[0].logq = 75

after  Bootstrap: encWData[0].logq = 395
Use Bootstrap To Recrypt Ciphertext time = 39065.478000000003 ms
------------------
--------------------------------------------------------------------------------


 !!! STOP 2 ITERATION !!! 





totalUpdatingWeightsTime = 157.594533581000
totalUpdatingWeights = 29.000000000000
totalRefreshingWeightsTime = 1130.305544598000
totalBootstrappingOperations = 29.000000000000




------------------
Start NesterovWithGminBatch : 2 -th iteration




encVData[0].logq = 395




INSIDE iter < 5;  poly3 = +0.500000000000 -0.150120000000x +0.001593000000x^3 

gamma = 1.923302281109


NesterovWithG : 2 -th iteration time = 5483.293000000000 ms
------------------

---------- TEST : THE 30-th ITERATION : Weights, AUC, MLE ----------
Current cWdata (encVData) : 
-1.557053383309,	-1.246602617183,	-0.324668855781,	-1.059807580347,	-1.504704617160,	0.333071239855,	4.724973471241,	2.304251257588,	1.110428459177,	0.551299252852,	0.264470192065,	0.242813942524,	-0.839418977833,	-0.160454624582,	-0.922789957180,	-0.698459901864,	-0.061209150105,	-0.821950015939,	-11.291947735954,	-19.765962030709,	-9.332244297527,	-7.951341100623,	-3.860214204906,	-2.913866655975,	





TrainMLE : -13765.669718140245
TrainAUC : 0.723437064429
TrainACC : 79.371134402430

Test MLE : -1601.196277409084
Test AUC : 0.688957966319
Test ACC : 79.352901934623
 ----------------- end of the 2-th epoch ----------------- 
 ----------------- end of the 3-th iteration ----------------- 

--------------------------------------------------------------------------------




encVData[0].logq = 55



------------------
Start Use Bootstrap To Recrypt Ciphertext

before Bootstrap: encWData[0].logq = 75

after  Bootstrap: encWData[0].logq = 395
Use Bootstrap To Recrypt Ciphertext time = 39062.305999999997 ms
------------------
--------------------------------------------------------------------------------


 !!! STOP 2 ITERATION !!! 





totalUpdatingWeightsTime = 163.058629186000
totalUpdatingWeights = 30.000000000000
totalRefreshingWeightsTime = 1169.367846407000
totalBootstrappingOperations = 30.000000000000




------------------
Start NesterovWithGminBatch : 2 -th iteration




encVData[0].logq = 395




INSIDE iter < 5;  poly3 = +0.500000000000 -0.150120000000x +0.001593000000x^3 

gamma = 1.916518433546


NesterovWithG : 2 -th iteration time = 5566.503000000000 ms
------------------

---------- TEST : THE 31-th ITERATION : Weights, AUC, MLE ----------
Current cWdata (encVData) : 
-1.511714644152,	-1.039206451778,	-0.170226192022,	-0.946632656818,	-1.368892207049,	0.471578812436,	5.014296406283,	2.437254991979,	1.227443526612,	0.634127559227,	0.356491651617,	0.366900769305,	-0.703851520839,	0.007588006162,	-0.888424242242,	-0.560492900526,	0.103089523115,	-0.701484547632,	-11.973152427502,	-23.225068720710,	-10.321438930624,	-8.659100624758,	-4.468039263940,	-2.940468924879,	





TrainMLE : -12800.623299294752
TrainAUC : 0.723561947974
TrainACC : 80.934039480019

Test MLE : -1580.296249444265
Test AUC : 0.690870780826
Test ACC : 79.286190793863
 ----------------- end of the 2-th epoch ----------------- 
 ----------------- end of the 4-th iteration ----------------- 

--------------------------------------------------------------------------------




encVData[0].logq = 55



------------------
Start Use Bootstrap To Recrypt Ciphertext

before Bootstrap: encWData[0].logq = 75

after  Bootstrap: encWData[0].logq = 395
Use Bootstrap To Recrypt Ciphertext time = 37168.762000000002 ms
------------------
--------------------------------------------------------------------------------


 !!! STOP 2 ITERATION !!! 





totalUpdatingWeightsTime = 168.603912499000
totalUpdatingWeights = 31.000000000000
totalRefreshingWeightsTime = 1206.536604539000
totalBootstrappingOperations = 31.000000000000




------------------
Start NesterovWithGminBatch : 2 -th iteration




encVData[0].logq = 395




INSIDE iter < 5;  poly3 = +0.500000000000 -0.150120000000x +0.001593000000x^3 

gamma = 1.909386754176


NesterovWithG : 2 -th iteration time = 5252.618000000000 ms
------------------

---------- TEST : THE 32-th ITERATION : Weights, AUC, MLE ----------
Current cWdata (encVData) : 
-1.469230290041,	-0.948394109828,	-0.182570329963,	-1.027484771646,	-1.388572274721,	0.440003791671,	5.118047908109,	2.389174851670,	1.173056924664,	0.573042416843,	0.282207003513,	0.300219004516,	-0.749100639335,	-0.017962985848,	-1.030957045197,	-0.604852438215,	0.086240477658,	-0.757814679862,	-12.723529960736,	-26.598490763226,	-11.311242783042,	-9.265768885090,	-5.280420535012,	-3.132150281289,	





TrainMLE : -12896.621733079650
TrainAUC : 0.724525310284
TrainACC : 80.682196955668

Test MLE : -1593.692695798125
Test AUC : 0.691182722667
Test ACC : 79.286190793863
 ----------------- end of the 2-th epoch ----------------- 
 ----------------- end of the 5-th iteration ----------------- 

--------------------------------------------------------------------------------




encVData[0].logq = 55



------------------
Start Use Bootstrap To Recrypt Ciphertext

before Bootstrap: encWData[0].logq = 75

after  Bootstrap: encWData[0].logq = 395
Use Bootstrap To Recrypt Ciphertext time = 36790.294999999998 ms
------------------
--------------------------------------------------------------------------------


 !!! STOP 2 ITERATION !!! 





totalUpdatingWeightsTime = 173.836206539000
totalUpdatingWeights = 32.000000000000
totalRefreshingWeightsTime = 1243.326894454000
totalBootstrappingOperations = 32.000000000000




------------------
Start NesterovWithGminBatch : 2 -th iteration




encVData[0].logq = 395




INSIDE iter < 5;  poly3 = +0.500000000000 -0.150120000000x +0.001593000000x^3 

gamma = 1.901901492803


NesterovWithG : 2 -th iteration time = 5150.832000000000 ms
------------------

---------- TEST : THE 33-th ITERATION : Weights, AUC, MLE ----------
Current cWdata (encVData) : 
-1.563287488041,	-0.875964803088,	-0.249238719288,	-1.138203518761,	-1.437574784051,	0.386326029170,	5.174919075038,	2.264420441989,	1.069723801806,	0.448701529914,	0.153506022521,	0.176877766298,	-0.807935780745,	-0.046962433281,	-1.175181492616,	-0.664540102509,	0.052401026088,	-0.825873415957,	-13.537669800783,	-29.706579128269,	-12.377350436036,	-9.933936062530,	-6.076981574619,	-3.235238091693,	





TrainMLE : -13544.064138047017
TrainAUC : 0.725416248742
TrainACC : 79.545202029554

Test MLE : -1640.354988063058
Test AUC : 0.690833476441
Test ACC : 79.319546364243
 ----------------- end of the 2-th epoch ----------------- 
 ----------------- end of the 6-th iteration ----------------- 

--------------------------------------------------------------------------------




encVData[0].logq = 55



------------------
Start Use Bootstrap To Recrypt Ciphertext

before Bootstrap: encWData[0].logq = 75

after  Bootstrap: encWData[0].logq = 395
Use Bootstrap To Recrypt Ciphertext time = 37676.377000000000 ms
------------------
--------------------------------------------------------------------------------


 !!! STOP 2 ITERATION !!! 





totalUpdatingWeightsTime = 178.972071298000
totalUpdatingWeights = 33.000000000000
totalRefreshingWeightsTime = 1281.003266801000
totalBootstrappingOperations = 33.000000000000




------------------
Start NesterovWithGminBatch : 2 -th iteration




encVData[0].logq = 395




INSIDE iter < 5;  poly3 = +0.500000000000 -0.150120000000x +0.001593000000x^3 

gamma = 1.894056991277


NesterovWithG : 2 -th iteration time = 5300.936000000000 ms
------------------

---------- TEST : THE 34-th ITERATION : Weights, AUC, MLE ----------
Current cWdata (encVData) : 
-1.570880165359,	-0.680044191003,	-0.136404658328,	-1.081339519931,	-1.302280560162,	0.466432744692,	5.397639909813,	2.353757230901,	1.151075480183,	0.520165966213,	0.229743960556,	0.267270682488,	-0.716491968041,	0.059802987784,	-1.159458589663,	-0.565529950774,	0.178001371820,	-0.733987472370,	-14.045943615965,	-32.438234935930,	-13.012585442539,	-10.466861966908,	-6.676605439374,	-3.184289965794,	





TrainMLE : -12886.786521121578
TrainAUC : 0.725297475536
TrainACC : 80.778489685567

Test MLE : -1618.436478256875
Test AUC : 0.692316004160
Test ACC : 79.419613075384
 ----------------- end of the 2-th epoch ----------------- 
 ----------------- end of the 7-th iteration ----------------- 

--------------------------------------------------------------------------------




encVData[0].logq = 55



------------------
Start Use Bootstrap To Recrypt Ciphertext

before Bootstrap: encWData[0].logq = 75

after  Bootstrap: encWData[0].logq = 395
Use Bootstrap To Recrypt Ciphertext time = 37735.067000000003 ms
------------------
--------------------------------------------------------------------------------


 !!! STOP 2 ITERATION !!! 





totalUpdatingWeightsTime = 184.252302710000
totalUpdatingWeights = 34.000000000000
totalRefreshingWeightsTime = 1318.738328305000
totalBootstrappingOperations = 34.000000000000




------------------
Start NesterovWithGminBatch : 2 -th iteration




encVData[0].logq = 395




INSIDE iter < 5;  poly3 = +0.500000000000 -0.150120000000x +0.001593000000x^3 

gamma = 1.885847679208


NesterovWithG : 2 -th iteration time = 5279.995000000000 ms
------------------

---------- TEST : THE 35-th ITERATION : Weights, AUC, MLE ----------
Current cWdata (encVData) : 
-1.562941907196,	-0.552350595835,	-0.217815996985,	-1.222964159337,	-1.378655846049,	0.380081196610,	5.423228765128,	2.195621944658,	1.012405213123,	0.388196107801,	0.080534530347,	0.136387202699,	-0.793981706476,	0.023450765923,	-1.304538870785,	-0.634500787344,	0.145044631675,	-0.814138627461,	-14.604302556017,	-35.069189377717,	-13.806169598658,	-11.013129234071,	-7.258708124734,	-3.426961157778,	





TrainMLE : -13432.683322452991
TrainAUC : 0.725806378372
TrainACC : 79.685937557868

Test MLE : -1660.951059742986
Test AUC : 0.691350592400
Test ACC : 79.219479653102
 ----------------- end of the 2-th epoch ----------------- 
 ----------------- end of the 8-th iteration ----------------- 

--------------------------------------------------------------------------------




encVData[0].logq = 55



------------------
Start Use Bootstrap To Recrypt Ciphertext

before Bootstrap: encWData[0].logq = 75

after  Bootstrap: encWData[0].logq = 395
Use Bootstrap To Recrypt Ciphertext time = 37066.150999999998 ms
------------------
--------------------------------------------------------------------------------


 !!! STOP 2 ITERATION !!! 





totalUpdatingWeightsTime = 189.511106389000
totalUpdatingWeights = 35.000000000000
totalRefreshingWeightsTime = 1355.804474944000
totalBootstrappingOperations = 35.000000000000




------------------
Start NesterovWithGminBatch : 2 -th iteration




encVData[0].logq = 395




INSIDE iter < 5;  poly3 = +0.500000000000 -0.150120000000x +0.001593000000x^3 

gamma = 1.877268070005


NesterovWithG : 2 -th iteration time = 5156.648000000000 ms
------------------

---------- TEST : THE 36-th ITERATION : Weights, AUC, MLE ----------
Current cWdata (encVData) : 
-1.653587087241,	-0.421611905821,	-0.198747826287,	-1.257466934290,	-1.356601475322,	0.379021291800,	5.506584806936,	2.137384992476,	0.924750012256,	0.329998814716,	0.033193817789,	0.102532076807,	-0.802132254739,	0.045007101215,	-1.370061622248,	-0.628198940535,	0.180050534547,	-0.817890198507,	-15.082662196671,	-37.501984110576,	-14.423216478026,	-11.752390968945,	-7.741793306071,	-3.349876096596,	





TrainMLE : -13688.305397250842
TrainAUC : 0.725720100700
TrainACC : 79.511869930743

Test MLE : -1694.867783240318
Test AUC : 0.691056659572
Test ACC : 79.219479653102
 ----------------- end of the 2-th epoch ----------------- 
 ----------------- end of the 9-th iteration ----------------- 

--------------------------------------------------------------------------------




encVData[0].logq = 55



------------------
Start Use Bootstrap To Recrypt Ciphertext

before Bootstrap: encWData[0].logq = 75

after  Bootstrap: encWData[0].logq = 395
Use Bootstrap To Recrypt Ciphertext time = 37794.942999999999 ms
------------------
--------------------------------------------------------------------------------


 !!! STOP 2 ITERATION !!! 





totalUpdatingWeightsTime = 194.651312371000
totalUpdatingWeights = 36.000000000000
totalRefreshingWeightsTime = 1393.599412998000
totalBootstrappingOperations = 36.000000000000




------------------
Start NesterovWithGminBatch : 2 -th iteration




encVData[0].logq = 395




INSIDE iter < 5;  poly3 = +0.500000000000 -0.150120000000x +0.001593000000x^3 

gamma = 1.868312757202


NesterovWithG : 2 -th iteration time = 5269.039000000000 ms
------------------

---------- TEST : THE 37-th ITERATION : Weights, AUC, MLE ----------
Current cWdata (encVData) : 
-1.650783677783,	-0.460057510487,	-0.167363853706,	-1.230345170873,	-1.299910215068,	0.405148053835,	5.653221232157,	2.167596678711,	0.929939134381,	0.327825301695,	0.038429583829,	0.138185574475,	-0.759567722790,	0.122398399788,	-1.474949635223,	-0.665928056573,	0.123284241501,	-0.849856970340,	-17.490242526911,	-42.499008692594,	-15.098649881648,	-12.280616166022,	-12.012843419899,	-3.214031611005,	





TrainMLE : -13669.748089141778
TrainAUC : 0.726269927673
TrainACC : 79.597051961038

Test MLE : -1736.358025766390
Test AUC : 0.689350305542
Test ACC : 79.052701801201
 ----------------- end of the 2-th epoch ----------------- 
 ----------------- end of the 10-th iteration ----------------- 

--------------------------------------------------------------------------------




encVData[0].logq = 55



------------------
Start Use Bootstrap To Recrypt Ciphertext

before Bootstrap: encWData[0].logq = 75

after  Bootstrap: encWData[0].logq = 395
Use Bootstrap To Recrypt Ciphertext time = 37029.084000000003 ms
------------------
--------------------------------------------------------------------------------


 !!! STOP 2 ITERATION !!! 





totalUpdatingWeightsTime = 199.899784501000
totalUpdatingWeights = 37.000000000000
totalRefreshingWeightsTime = 1430.628492108000
totalBootstrappingOperations = 37.000000000000




------------------
Start NesterovWithGminBatch : 2 -th iteration




encVData[0].logq = 395




INSIDE iter < 5;  poly3 = +0.500000000000 -0.150120000000x +0.001593000000x^3 

gamma = 1.858976411049


NesterovWithG : 2 -th iteration time = 5221.823000000000 ms
------------------

---------- TEST : THE 38-th ITERATION : Weights, AUC, MLE ----------
Current cWdata (encVData) : 
-1.626023876086,	-0.414453710455,	-0.097174562567,	-1.217139994447,	-1.230613060697,	0.394222938866,	5.810432016792,	2.185128367818,	0.925938244536,	0.351184159607,	0.077281874441,	0.197228132542,	-0.706595662403,	0.230571290029,	-1.528360150901,	-0.657653765805,	0.147992217070,	-0.842231967937,	-18.868178942197,	-46.642107243577,	-16.015919992266,	-12.975037318572,	-14.561595202990,	-3.313286641890,	





TrainMLE : -13395.404084948239
TrainAUC : 0.726345028284
TrainACC : 80.234065404985

Test MLE : -1746.712576333835
Test AUC : 0.689004275211
Test ACC : 79.152768512342
 ----------------- end of the 2-th epoch ----------------- 
 ----------------- end of the 11-th iteration ----------------- 

--------------------------------------------------------------------------------




encVData[0].logq = 55



------------------
Start Use Bootstrap To Recrypt Ciphertext

before Bootstrap: encWData[0].logq = 75

after  Bootstrap: encWData[0].logq = 395
Use Bootstrap To Recrypt Ciphertext time = 36691.826000000001 ms
------------------
--------------------------------------------------------------------------------


 !!! STOP 2 ITERATION !!! 





totalUpdatingWeightsTime = 205.103190853000
totalUpdatingWeights = 38.000000000000
totalRefreshingWeightsTime = 1467.320314637000
totalBootstrappingOperations = 38.000000000000




------------------
Start NesterovWithGminBatch : 2 -th iteration




encVData[0].logq = 395




INSIDE iter < 5;  poly3 = +0.500000000000 -0.150120000000x +0.001593000000x^3 

gamma = 1.849253775334


NesterovWithG : 2 -th iteration time = 5200.323000000000 ms
------------------

---------- TEST : THE 39-th ITERATION : Weights, AUC, MLE ----------
Current cWdata (encVData) : 
-1.660535196142,	-0.587996782361,	-0.169007692232,	-1.278384766684,	-1.254538549521,	0.275579602382,	5.922789879531,	2.155727694576,	0.870097960693,	0.285400561455,	-0.002720021116,	0.126703816704,	-0.835161117021,	0.125215638878,	-1.751098586596,	-0.832791896619,	-0.050316555838,	-0.985501929282,	-20.304487929469,	-53.500087322389,	-18.135415638805,	-14.298181301020,	-17.024397816617,	-4.683753656635,	





TrainMLE : -14525.468530703947
TrainAUC : 0.725929102984
TrainACC : 79.222991741047

Test MLE : -1887.011060286760
Test AUC : 0.685405045225
Test ACC : 78.819212808539
 ----------------- end of the 2-th epoch ----------------- 
 ----------------- end of the 12-th iteration ----------------- 

--------------------------------------------------------------------------------




encVData[0].logq = 55



------------------
Start Use Bootstrap To Recrypt Ciphertext

before Bootstrap: encWData[0].logq = 75

after  Bootstrap: encWData[0].logq = 395
Use Bootstrap To Recrypt Ciphertext time = 37189.468999999997 ms
------------------
--------------------------------------------------------------------------------


 !!! STOP 2 ITERATION !!! 





totalUpdatingWeightsTime = 210.284229400000
totalUpdatingWeights = 39.000000000000
totalRefreshingWeightsTime = 1504.509779089000
totalBootstrappingOperations = 39.000000000000




------------------
Start NesterovWithGminBatch : 2 -th iteration




encVData[0].logq = 395




INSIDE iter < 5;  poly3 = +0.500000000000 -0.150120000000x +0.001593000000x^3 

gamma = 1.839139664422


NesterovWithG : 2 -th iteration time = 5203.119000000000 ms
------------------

---------- TEST : THE 40-th ITERATION : Weights, AUC, MLE ----------
Current cWdata (encVData) : 
-1.660356004337,	-0.552288295157,	-0.016830425195,	-1.110247334100,	-1.059892706540,	0.409725858539,	6.262887671775,	2.359356913523,	1.048812522634,	0.488612768952,	0.208017200164,	0.337079777345,	-0.699848093837,	0.302706066228,	-1.697757708758,	-0.730233912462,	0.050155972486,	-0.878474879288,	-21.511914072775,	-58.234770757007,	-19.277897002516,	-15.208222261205,	-19.312394252358,	-5.121910451588,	





TrainMLE : -13337.384240270132
TrainAUC : 0.726574050493
TrainACC : 80.945150179623

Test MLE : -1829.125956503518
Test AUC : 0.687841407482
Test ACC : 79.419613075384
 ----------------- end of the 2-th epoch ----------------- 
 ----------------- end of the 13-th iteration ----------------- 

--------------------------------------------------------------------------------




encVData[0].logq = 55



------------------
Start Use Bootstrap To Recrypt Ciphertext

before Bootstrap: encWData[0].logq = 75

after  Bootstrap: encWData[0].logq = 395
Use Bootstrap To Recrypt Ciphertext time = 38866.434000000001 ms
------------------
--------------------------------------------------------------------------------


 !!! STOP 2 ITERATION !!! 





totalUpdatingWeightsTime = 215.466628117000
totalUpdatingWeights = 40.000000000000
totalRefreshingWeightsTime = 1543.376207981000
totalBootstrappingOperations = 40.000000000000




------------------
Start NesterovWithGminBatch : 2 -th iteration




encVData[0].logq = 395




INSIDE iter < 5;  poly3 = +0.500000000000 -0.150120000000x +0.001593000000x^3 

gamma = 1.828628960481


NesterovWithG : 2 -th iteration time = 5054.018000000000 ms
------------------

---------- TEST : THE 41-th ITERATION : Weights, AUC, MLE ----------
Current cWdata (encVData) : 
-1.552822569637,	-0.600813387312,	0.020962438411,	-1.110495362568,	-0.992644720657,	0.402904594572,	6.468279149396,	2.422014867654,	1.090465078500,	0.540465913425,	0.306050327576,	0.429742455752,	-0.704269635310,	0.344471113783,	-1.779739123449,	-0.758551600285,	0.033113721376,	-0.892385014208,	-22.615317656444,	-63.362251514880,	-20.227128312087,	-16.044630511787,	-21.429843929191,	-5.742010988937,	





TrainMLE : -13341.522976689312
TrainAUC : 0.726346884489
TrainACC : 81.167364171697

Test MLE : -1867.465443640911
Test AUC : 0.687214307904
Test ACC : 79.519679786524
 ----------------- end of the 2-th epoch ----------------- 
 ----------------- end of the 14-th iteration ----------------- 

--------------------------------------------------------------------------------




encVData[0].logq = 55



------------------
Start Use Bootstrap To Recrypt Ciphertext

before Bootstrap: encWData[0].logq = 75

after  Bootstrap: encWData[0].logq = 395
Use Bootstrap To Recrypt Ciphertext time = 36516.148000000001 ms
------------------
--------------------------------------------------------------------------------


 !!! STOP 2 ITERATION !!! 





totalUpdatingWeightsTime = 220.503666854000
totalUpdatingWeights = 41.000000000000
totalRefreshingWeightsTime = 1579.892352473000
totalBootstrappingOperations = 41.000000000000




------------------
Start NesterovWithGminBatch : 2 -th iteration




encVData[0].logq = 395




INSIDE iter < 5;  poly3 = +0.500000000000 -0.150120000000x +0.001593000000x^3 

gamma = 1.817716610897


NesterovWithG : 2 -th iteration time = 5331.562000000000 ms
------------------

---------- TEST : THE 42-th ITERATION : Weights, AUC, MLE ----------
Current cWdata (encVData) : 
-1.651325892151,	-0.887403842536,	-0.116576170619,	-1.274684635932,	-1.101063006229,	0.208482663483,	6.528927464080,	2.343715743073,	0.991407689189,	0.442368992459,	0.241293532728,	0.356102733201,	-0.877072699241,	0.227016403120,	-2.018844885464,	-0.955968399099,	-0.161772261732,	-1.101399524976,	-23.990664336707,	-68.397313848036,	-21.458422058001,	-17.063279290883,	-25.267414219122,	-6.487827679900,	





TrainMLE : -14447.968329417221
TrainAUC : 0.726088656929
TrainACC : 80.189622606570

Test MLE : -1999.999034293767
Test AUC : 0.684080096374
Test ACC : 78.885923949300
 ----------------- end of the 2-th epoch ----------------- 
 ----------------- end of the 15-th iteration ----------------- 

--------------------------------------------------------------------------------




encVData[0].logq = 55



------------------
Start Use Bootstrap To Recrypt Ciphertext

before Bootstrap: encWData[0].logq = 75

after  Bootstrap: encWData[0].logq = 395
Use Bootstrap To Recrypt Ciphertext time = 38498.773999999998 ms
------------------
--------------------------------------------------------------------------------


 !!! STOP 2 ITERATION !!! 





totalUpdatingWeightsTime = 225.819867464000
totalUpdatingWeights = 42.000000000000
totalRefreshingWeightsTime = 1618.391121452000
totalBootstrappingOperations = 42.000000000000




------------------
Start NesterovWithGminBatch : 2 -th iteration




encVData[0].logq = 395




INSIDE iter < 5;  poly3 = +0.500000000000 -0.150120000000x +0.001593000000x^3 

gamma = 1.806397625836


NesterovWithG : 2 -th iteration time = 5453.379000000000 ms
------------------

---------- TEST : THE 43-th ITERATION : Weights, AUC, MLE ----------
Current cWdata (encVData) : 
-1.800090552885,	-1.134286005656,	-0.126537748139,	-1.296107145053,	-1.078749098418,	0.124451125507,	6.690052012496,	2.394661480677,	1.054647029456,	0.501730501549,	0.333045423114,	0.427425987557,	-1.004335710397,	0.237236670293,	-2.121964381988,	-1.013715240256,	-0.212237171417,	-1.212640257746,	-25.078532744212,	-72.953568437837,	-22.453902915222,	-17.908720917745,	-31.007841562420,	-7.366680384217,	





TrainMLE : -15302.714720670725
TrainAUC : 0.725383777108
TrainACC : 79.982222880634

Test MLE : -2120.228649413763
Test AUC : 0.682640018472
Test ACC : 78.852568378919
 ----------------- end of the 2-th epoch ----------------- 
 ----------------- end of the 16-th iteration ----------------- 

--------------------------------------------------------------------------------




encVData[0].logq = 55



------------------
Start Use Bootstrap To Recrypt Ciphertext

before Bootstrap: encWData[0].logq = 75

after  Bootstrap: encWData[0].logq = 395
Use Bootstrap To Recrypt Ciphertext time = 38146.542999999998 ms
------------------
--------------------------------------------------------------------------------


 !!! STOP 2 ITERATION !!! 





totalUpdatingWeightsTime = 231.253986954000
totalUpdatingWeights = 43.000000000000
totalRefreshingWeightsTime = 1656.537659964000
totalBootstrappingOperations = 43.000000000000




------------------
Start NesterovWithGminBatch : 2 -th iteration




encVData[0].logq = 395




INSIDE iter < 5;  poly3 = +0.500000000000 -0.150120000000x +0.001593000000x^3 

gamma = 1.794667075963


NesterovWithG : 2 -th iteration time = 5320.666000000000 ms
------------------

---------- TEST : THE 44-th ITERATION : Weights, AUC, MLE ----------
Current cWdata (encVData) : 
-1.893650564923,	-1.746245510708,	-0.277201552076,	-1.446503850788,	-1.215210121102,	-0.085332208015,	6.759599912054,	2.381579940571,	1.005813041477,	0.421808866614,	0.259732173422,	0.360063725403,	-1.278077276581,	0.060101451869,	-2.490405934204,	-1.347848467094,	-0.552996473813,	-1.512587675257,	-27.823801220809,	-81.442251008314,	-25.508767709423,	-19.347115486050,	-37.319671005151,	-10.337430845415,	





TrainMLE : -18936.022997952299
TrainAUC : 0.721902700072
TrainACC : 78.619310395911

Test MLE : -2492.972357527865
Test AUC : 0.677621935493
Test ACC : 78.619079386258
 ----------------- end of the 2-th epoch ----------------- 
 ----------------- end of the 17-th iteration ----------------- 

--------------------------------------------------------------------------------




encVData[0].logq = 55



------------------
Start Use Bootstrap To Recrypt Ciphertext

before Bootstrap: encWData[0].logq = 75

after  Bootstrap: encWData[0].logq = 395
Use Bootstrap To Recrypt Ciphertext time = 38881.841000000000 ms
------------------
--------------------------------------------------------------------------------


 !!! STOP 2 ITERATION !!! 





totalUpdatingWeightsTime = 236.553983919000
totalUpdatingWeights = 44.000000000000
totalRefreshingWeightsTime = 1695.419496563000
totalBootstrappingOperations = 44.000000000000




------------------
Start NesterovWithGminBatch : 2 -th iteration




encVData[0].logq = 395




INSIDE iter < 5;  poly3 = +0.500000000000 -0.150120000000x +0.001593000000x^3 

gamma = 1.782520090294


NesterovWithG : 2 -th iteration time = 5708.812000000000 ms
------------------

---------- TEST : THE 45-th ITERATION : Weights, AUC, MLE ----------
Current cWdata (encVData) : 
-2.031763365401,	-2.684346959248,	-0.186782066068,	-1.550447807833,	-1.209681965716,	-0.228803006591,	7.125221159860,	2.629729946214,	1.242064374978,	0.527687053933,	0.367195595141,	0.471004128813,	-1.393435108351,	0.002790930269,	-2.917632904937,	-1.757804589717,	-0.999417935616,	-1.785882888260,	-31.742685640146,	-96.627547606787,	-31.430531359651,	-21.037922933590,	-45.328612670449,	-15.445657689498,	





TrainMLE : -21562.742783223239
TrainAUC : 0.718540005881
TrainACC : 78.556349764824

Test MLE : -2819.606580212806
Test AUC : 0.673683106966
Test ACC : 78.652434956638
 ----------------- end of the 2-th epoch ----------------- 
 ----------------- end of the 18-th iteration ----------------- 

--------------------------------------------------------------------------------




encVData[0].logq = 55



------------------
Start Use Bootstrap To Recrypt Ciphertext

before Bootstrap: encWData[0].logq = 75

after  Bootstrap: encWData[0].logq = 395
Use Bootstrap To Recrypt Ciphertext time = 38275.531999999999 ms
------------------
--------------------------------------------------------------------------------


 !!! STOP 2 ITERATION !!! 





totalUpdatingWeightsTime = 242.242883397000
totalUpdatingWeights = 45.000000000000
totalRefreshingWeightsTime = 1733.695023055000
totalBootstrappingOperations = 45.000000000000




------------------
Start NesterovWithGminBatch : 2 -th iteration




encVData[0].logq = 395




INSIDE iter < 5;  poly3 = +0.500000000000 -0.150120000000x +0.001593000000x^3 

gamma = 1.769951854167


NesterovWithG : 2 -th iteration time = 5029.467000000000 ms
------------------

---------- TEST : THE 46-th ITERATION : Weights, AUC, MLE ----------
Current cWdata (encVData) : 
-2.190496188413,	-3.979366999890,	-0.390642225122,	-1.852606136584,	-1.472148622919,	-0.658476664630,	7.297919372721,	2.739887951166,	1.319914124955,	0.517643673471,	0.339973928601,	0.509805385470,	-1.955315725597,	-0.426978721702,	-3.647026040865,	-2.311620587540,	-1.502087389227,	-2.361421350196,	-35.937133616704,	-113.553063325013,	-38.681894708650,	-25.701495336630,	-62.041269410069,	-21.370588721149,	





TrainMLE : -30200.228573151362
TrainAUC : 0.710935365962
TrainACC : 78.093403948002

Test MLE : -3714.411241503348
Test AUC : 0.665546891934
Test ACC : 78.218812541694
 ----------------- end of the 2-th epoch ----------------- 
 ----------------- end of the 19-th iteration ----------------- 

--------------------------------------------------------------------------------




encVData[0].logq = 55



------------------
Start Use Bootstrap To Recrypt Ciphertext

before Bootstrap: encWData[0].logq = 75

after  Bootstrap: encWData[0].logq = 395
Use Bootstrap To Recrypt Ciphertext time = 36090.813000000002 ms
------------------
--------------------------------------------------------------------------------


 !!! STOP 2 ITERATION !!! 





totalUpdatingWeightsTime = 247.258197529000
totalUpdatingWeights = 46.000000000000
totalRefreshingWeightsTime = 1769.785830600000
totalBootstrappingOperations = 46.000000000000




------------------
Start NesterovWithGminBatch : 2 -th iteration




encVData[0].logq = 395




INSIDE iter < 5;  poly3 = +0.500000000000 -0.150120000000x +0.001593000000x^3 

gamma = 1.756957607338


NesterovWithG : 2 -th iteration time = 5289.952000000000 ms
------------------

---------- TEST : THE 47-th ITERATION : Weights, AUC, MLE ----------
Current cWdata (encVData) : 
-4.585212594106,	-13.432376073448,	-4.840728245401,	-6.175609545900,	-5.609168363140,	-5.325957055495,	3.831913353849,	-0.838822044402,	-2.367190426816,	-3.156281180204,	-3.716824088186,	-2.493011972798,	-9.439322095801,	-9.330716796785,	-10.876025219097,	-9.485631136479,	-8.816699838009,	-9.031911779059,	-57.290548082173,	-142.542358356260,	-67.479412958853,	-53.831246276672,	-164.308257600603,	-59.994346123175,	





TrainMLE : -185249.642392718029
TrainAUC : 0.585603304472
TrainACC : 77.897114921670

Test MLE : -18805.739091078554
Test AUC : 0.558698128413
Test ACC : 77.751834556371
 ----------------- end of the 2-th epoch ----------------- 
 ----------------- end of the 20-th iteration ----------------- 

--------------------------------------------------------------------------------




encVData[0].logq = 55



------------------
Start Use Bootstrap To Recrypt Ciphertext

before Bootstrap: encWData[0].logq = 75

after  Bootstrap: encWData[0].logq = 395
Use Bootstrap To Recrypt Ciphertext time = 37134.160000000003 ms
------------------
--------------------------------------------------------------------------------


 !!! STOP 2 ITERATION !!! 





totalUpdatingWeightsTime = 252.529144173000
totalUpdatingWeights = 47.000000000000
totalRefreshingWeightsTime = 1806.919985185000
totalBootstrappingOperations = 47.000000000000




------------------
Start NesterovWithGminBatch : 2 -th iteration




encVData[0].logq = 395




INSIDE iter < 5;  poly3 = +0.500000000000 -0.150120000000x +0.001593000000x^3 

gamma = 1.743532642174


NesterovWithG : 2 -th iteration time = 4903.555000000000 ms
------------------

---------- TEST : THE 48-th ITERATION : Weights, AUC, MLE ----------
Current cWdata (encVData) : 
-150.812781595972,	-441.414361411080,	-295.008049399472,	-264.114980229858,	-264.965859283592,	-297.034130236722,	-241.420438796233,	-247.993850734498,	-237.574980880024,	-242.177100184098,	-261.948905437722,	-255.458960031589,	-355.325896797005,	-366.473459105702,	-351.529935986466,	-341.399267904140,	-382.019351037130,	-335.247336184317,	-615.156257548676,	-1339.525389830347,	-863.219643774592,	-1054.454052261131,	-1962.968668769517,	-985.457044725653,	





TrainMLE : -inf
TrainAUC : 0.470504292756
TrainACC : 77.897114921670

Test MLE : -inf
Test AUC : 0.466499054205
Test ACC : 77.751834556371
 ----------------- end of the 2-th epoch ----------------- 
 ----------------- end of the 21-th iteration ----------------- 

--------------------------------------------------------------------------------




encVData[0].logq = 55



------------------
Start Use Bootstrap To Recrypt Ciphertext

before Bootstrap: encWData[0].logq = 75

after  Bootstrap: encWData[0].logq = 395
Use Bootstrap To Recrypt Ciphertext time = 34392.394999999997 ms
------------------
--------------------------------------------------------------------------------


 !!! STOP 2 ITERATION !!! 





totalUpdatingWeightsTime = 257.416920426000
totalUpdatingWeights = 48.000000000000
totalRefreshingWeightsTime = 1841.312374806000
totalBootstrappingOperations = 48.000000000000




------------------
Start NesterovWithGminBatch : 2 -th iteration




encVData[0].logq = 395




INSIDE iter < 5;  poly3 = +0.500000000000 -0.150120000000x +0.001593000000x^3 

gamma = 1.729672301943


NesterovWithG : 2 -th iteration time = 5141.202000000000 ms
------------------

---------- TEST : THE 49-th ITERATION : Weights, AUC, MLE ----------
Current cWdata (encVData) : 
-29295.336989784788,	-131618.895671571867,	-16658.266473553544,	-45288.112325391361,	-47091.322301216678,	-67281.098089464547,	-39189.509784749120,	-39669.547803995774,	-41205.318455863577,	-43863.762262497330,	-40200.128962798291,	-46517.796318344845,	-66590.930251502446,	-75219.660723301451,	-74834.765746567893,	-77080.799421878444,	-94273.926645403059,	-78148.182210644009,	-228338.843653337943,	-561033.325162375928,	-342934.353811291629,	-800727.796534750494,	-559983.772897599265,	-502351.352846156049,	





TrainMLE : -inf
TrainAUC : 0.501905509713
TrainACC : 77.897114921670

Test MLE : -inf
Test AUC : 0.503735905535
Test ACC : 77.751834556371
 ----------------- end of the 2-th epoch ----------------- 
 ----------------- end of the 22-th iteration ----------------- 

--------------------------------------------------------------------------------




encVData[0].logq = 55



------------------
Start Use Bootstrap To Recrypt Ciphertext

before Bootstrap: encWData[0].logq = 75

after  Bootstrap: encWData[0].logq = 395
Use Bootstrap To Recrypt Ciphertext time = 34160.347000000002 ms
------------------
--------------------------------------------------------------------------------


 !!! STOP 2 ITERATION !!! 





totalUpdatingWeightsTime = 262.538372799000
totalUpdatingWeights = 49.000000000000
totalRefreshingWeightsTime = 1875.472717518000
totalBootstrappingOperations = 49.000000000000




------------------
Start NesterovWithGminBatch : 2 -th iteration




encVData[0].logq = 395




INSIDE iter < 5;  poly3 = +0.500000000000 -0.150120000000x +0.001593000000x^3 

gamma = 1.715371979204


NesterovWithG : 2 -th iteration time = 4471.695000000000 ms
------------------

---------- TEST : THE 50-th ITERATION : Weights, AUC, MLE ----------
Current cWdata (encVData) : 
-95683.060035939328,	2855451.355360123329,	-1313341.108769227285,	-3548346.934146326967,	1040031.400226805476,	-1398163.405410353094,	-6552981.391825431027,	-6084311.042561455630,	-6794497.583425530232,	-6745109.860885836184,	-7527942.155644683167,	-6838860.780228517950,	-2709481.663985137362,	-3627635.598045155406,	-2735314.210122302175,	-2750117.154879037291,	-3585608.975655042566,	-2364518.633603481576,	-1917607.516026354861,	-26704.045586755186,	-888912.948651659186,	-1144713.109280379722,	1034075.557925187517,	858222.551174396067,	





TrainMLE : -inf
TrainAUC : 0.338919243015
TrainACC : 77.897114921670

Test MLE : -inf
Test AUC : 0.375965170568
Test ACC : 77.618412274850
 ----------------- end of the 2-th epoch ----------------- 
 ----------------- end of the 23-th iteration ----------------- 

--------------------------------------------------------------------------------




encVData[0].logq = 55



------------------
Start Use Bootstrap To Recrypt Ciphertext

before Bootstrap: encWData[0].logq = 75

after  Bootstrap: encWData[0].logq = 395
Use Bootstrap To Recrypt Ciphertext time = 33733.057999999997 ms
------------------
--------------------------------------------------------------------------------


 !!! STOP 2 ITERATION !!! 





totalUpdatingWeightsTime = 266.995644986000
totalUpdatingWeights = 50.000000000000
totalRefreshingWeightsTime = 1909.205769810000
totalBootstrappingOperations = 50.000000000000




------------------
Start NesterovWithGminBatch : 2 -th iteration




encVData[0].logq = 395




INSIDE iter < 5;  poly3 = +0.500000000000 -0.150120000000x +0.001593000000x^3 

gamma = 1.700627114267


